* Checking for deprecated package usage... OK
* Checking for remote package usage... OK
* Checking for 'LazyData: true' usage... OK
* Checking version number... OK
* Checking version number validity... OK
* Checking R version dependency...
* NOTE: Update R version dependency from 4.3.0 to 4.4.0.
* Checking package size... OK
* Checking individual file sizes... OK
* Checking biocViews... OK
* Checking that biocViews are present... OK
* Checking package type based on biocViews... OK
* Checking for non-trivial biocViews... OK
* Checking that biocViews come from the same category... OK
* Checking biocViews validity... OK
* Checking for recommended biocViews... OK
* Checking build system compatibility... OK
* Checking for blank lines in DESCRIPTION... OK
* Checking if DESCRIPTION is well formatted... OK
* Checking for proper Description: field... OK
* Checking for whitespace in DESCRIPTION field names... OK
* Checking that Package field matches directory/tarball name... OK
* Checking for Version field... OK
* Checking for valid maintainer... OK
* Checking License: for restrictive use... OK
* Checking for recommeded fields in DESCRIPTION... OK
* Checking for pinned package versions... OK
* Checking DESCRIPTION/NAMESPACE consistency... OK
* Checking .Rbuildignore... OK
* Checking for stray BiocCheck output folders... OK
* Checking for inst/doc folders... OK
* Checking vignette directory...
* WARNING: Evaluate more vignette chunks.
* Checking package installation calls in R code... OK
* Checking for library/require of scCulturePredict... OK
* Checking coding practice...
* NOTE:  Avoid 1:...; use seq_len() or seq_along()
Found in files:
dimensionality_reduction.R (line 165, column 24)
dimensionality_reduction.R (line 203, column 48)
dimensionality_reduction.R (line 244, column 53)
preprocessing.R (line 189, column 79)
preprocessing.R (line 199, column 83)
* NOTE:  Avoid redundant 'stop' and 'warn*' in signal conditions
Found in files:
R/data_loading.R (line 438, column 30)
R/data_loading.R (line 452, column 30)
R/data_loading.R (line 470, column 34)
R/data_loading.R (line 540, column 30)
R/data_loading.R (line 555, column 30)
R/data_loading.R (line 579, column 30)
R/dimensionality_reduction.R (line 155, column 30)
R/dimensionality_reduction.R (line 173, column 26)
R/evaluation.R (line 267, column 26)
R/evaluation.R (line 285, column 30)
R/evaluation.R (line 297, column 30)
R/evaluation.R (line 318, column 34)
R/evaluation.R (line 335, column 34)
R/evaluation.R (line 371, column 34)
R/evaluation.R (line 407, column 34)
R/evaluation.R (line 615, column 26)
R/pathway_analysis.R (line 101, column 20)
R/pathway_analysis.R (line 135, column 29)
R/pathway_analysis.R (line 151, column 20)
R/pathway_analysis.R (line 291, column 20)
R/pathway_analysis.R (line 324, column 20)
R/pathway_analysis.R (line 347, column 20)
R/prediction.R (line 339, column 26)
R/prediction.R (line 354, column 26)
R/prediction.R (line 516, column 26)
R/prediction.R (line 531, column 26)
R/prediction.R (line 548, column 26)
R/prediction.R (line 575, column 26)
R/prediction.R (line 590, column 26)
R/preprocessing.R (line 123, column 30)
R/preprocessing.R (line 138, column 26)
R/preprocessing.R (line 151, column 26)
R/visualization.R (line 103, column 26)
R/visualization.R (line 234, column 26)
R/visualization.R (line 379, column 26)
R/visualization.R (line 498, column 30)
R/visualization.R (line 558, column 26)
* Checking parsed R code in R directory, examples, vignettes...
* NOTE: Use accessors; don't access S4 class slots via '@' in examples/vignettes.
* Checking function lengths...
* NOTE: The recommended function length is 50 lines or less. There are 20 functions greater than 50 lines.
The longest 5 functions are:
load_data() (R/data_loading.R): 295 lines
evaluate_cell_type_predictions() (R/evaluation.R): 195 lines
scCulture() (R/pipeline.R): 156 lines
run_predict_mode() (R/pipeline.R): 155 lines
train_cell_type_classifier() (R/prediction.R): 148 lines
* Checking man page documentation...
* NOTE: Consider adding runnable examples to man pages that document exported objects.
analyze_pathway_activity.Rd
create_pathway_boxplot.Rd
create_pathway_heatmap.Rd
* NOTE: Usage of dontrun{} / donttest{} tags found in man page examples. 7% of man pages use at least one of these tags.
Found in files:
analyze_pathway_activity.Rd
create_pathway_boxplot.Rd
create_pathway_heatmap.Rd
* NOTE: Use donttest{} instead of dontrun{}.
Found in files:
analyze_pathway_activity.Rd
* Checking package NEWS... OK
* Checking unit tests... OK
* Checking skip_on_bioc() in tests... OK
* Checking formatting of DESCRIPTION, NAMESPACE, man pages, R source, and vignette source...
* NOTE: Consider shorter lines; 629 lines (7%) are > 80 characters long.
First few lines:
R/data_loading.R#L4 #' Loads all required packages for the s ...
R/data_loading.R#L9 #' @return Invisible NULL. This function ...
R/data_loading.R#L19     required <- c("Seurat", "dplyr", "gg ...
R/data_loading.R#L25                     warning(sprintf("Pac ...
R/data_loading.R#L40 #' Checks for malformed input files (e.g ...
R/data_loading.R#L56 validate_and_fix_file <- function(file_p ...
R/data_loading.R#L82                 if (verbose) message("De ...
R/data_loading.R#L84                 data <- read.csv(file_pa ...
R/data_loading.R#L101 #' Prepares input files for Seurat by co ...
R/data_loading.R#L111 #' @param input_dir Character string spe ...
R/data_loading.R#L112 #' @param output_dir Character string sp ...
R/data_loading.R#L113 #' @param experiment_id Character string ...
R/data_loading.R#L118 prepare_files_for_seurat <- function(inp ...
R/data_loading.R#L143                 if (verbose) message(spr ...
R/data_loading.R#L169                 input_file <- file.path( ...
R/data_loading.R#L170                 output_file <- file.path ...
R/data_loading.R#L173                     if (verbose) message ...
R/data_loading.R#L175                     # For barcodes and f ...
R/data_loading.R#L178                         if (grepl("^x\\s ...
R/data_loading.R#L179                             if (verbose) ...
R/data_loading.R#L181                             data <- read ...
R/data_loading.R#L184                                 sep = "\ ...
R/data_loading.R#L188                                 R.utils: ...
R/data_loading.R#L190                                 warning( ...
R/data_loading.R#L191                                 # Rename ...
R/data_loading.R#L192                                 file.ren ...
R/data_loading.R#L196                             if (verbose) ...
R/data_loading.R#L201                         if (verbose) mes ...
R/data_loading.R#L220 #' Loads single-cell data from a directo ...
R/data_loading.R#L221 #' First attempts to use the shell scrip ...
R/data_loading.R#L222 #' preparation if the script fails. Auto ...
R/data_loading.R#L224 #' @param data_dir Character string spec ...
R/data_loading.R#L230 #' @param experiment_id Character string ...
R/data_loading.R#L232 #' @param use_shell_script Logical indic ...
R/data_loading.R#L233 #'   If TRUE, attempts to use shell scri ...
R/data_loading.R#L235 #' @param metadata_file Character string ...
R/data_loading.R#L239 #' @param min_cells Integer specifying t ...
R/data_loading.R#L241 #' @param min_features Integer specifyin ...
R/data_loading.R#L243 #' @param verbose Logical indicating whe ...
R/data_loading.R#L249 #'   \item Filtered genes and cells base ...
R/data_loading.R#L318     if (!is.null(metadata_file) && (!is. ...
R/data_loading.R#L322     if (!is.null(counts_file) && (!is.ch ...
R/data_loading.R#L330     if (!is.numeric(min_features) || len ...
R/data_loading.R#L370                 if (verbose) message("No ...
R/data_loading.R#L392                 stop(sprintf("No metadat ...
R/data_loading.R#L395                 warning(sprintf("Multipl ...
R/data_loading.R#L412                 stop(sprintf("No counts  ...
R/data_loading.R#L415                 warning(sprintf("Multipl ...
R/data_loading.R#L466                         read.table(metad ...
R/data_loading.R#L486                         read.table(barco ...
R/data_loading.R#L489                         # If barcodes fi ...
R/data_loading.R#L490                         if (verbose) mes ...
R/data_loading.R#L491                         barcodes <- data ...
R/data_loading.R#L509             for (meta_column in setdiff( ...
R/data_loading.R#L523                 names(seurat_obj@meta.da ...
R/data_loading.R#L527             if (verbose) message("Creati ...
R/data_loading.R#L624     for (meta_column in setdiff(colnames ...
R/data_loading.R#L625         seurat_object <- AddMetaData(seu ...
R/data_loading.R#L629     existing_cols <- intersect(c("PC_1", ...
R/data_loading.R#L632         names(seurat_object@meta.data)[n ...
R/dimensionality_reduction.R#L7 #' @param seurat_object A Seurat object  ...
R/dimensionality_reduction.R#L8 #' @param n_pcs Integer specifying the n ...
R/dimensionality_reduction.R#L35         Cumulative = cumsum(seurat_objec ...
R/dimensionality_reduction.R#L39     elbow_plot <- ggplot2::ggplot(varian ...
R/dimensionality_reduction.R#L59 #' Performs Uniform Manifold Approximati ...
R/dimensionality_reduction.R#L69 #'   This parameter controls how tightly ...
R/dimensionality_reduction.R#L72 #' @param n_components Integer. Number o ...
R/dimensionality_reduction.R#L80 #'     \item \code{seurat_obj@reductions ...
R/dimensionality_reduction.R#L128     if (!is.numeric(n_neighbors) || leng ...
R/dimensionality_reduction.R#L132     if (!is.numeric(min_dist) || length( ...
R/dimensionality_reduction.R#L136     if (!is.numeric(n_components) || len ...
R/dimensionality_reduction.R#L178         message(sprintf("UMAP complete.  ...
R/dimensionality_reduction.R#L187 #' Performs t-Distributed Stochastic Nei ...
R/dimensionality_reduction.R#L227 #' @param seurat_object A Seurat object  ...
R/dimensionality_reduction.R#L228 #' @param n_pcs Integer specifying the n ...
R/dimensionality_reduction.R#L230 #' @param dims Integer vector specifying ...
R/dimensionality_reduction.R#L232 #' @param perform_tsne Logical indicatin ...
R/dimensionality_reduction.R#L236 #'   \item seurat_object: The Seurat obj ...
R/evaluation.R#L4 #' Evaluates the performance of differen ...
R/evaluation.R#L8 #' This function performs a comprehensiv ...
R/evaluation.R#L9 #' predicted cell culture media conditio ...
R/evaluation.R#L10 #' prediction methods including direct s ...
R/evaluation.R#L20 #' Confusion matrices show the relations ...
R/evaluation.R#L21 #' revealing which conditions are common ...
R/evaluation.R#L22 #' provide an overall assessment of pred ...
R/evaluation.R#L23 #' determine whether the predictions are ...
R/evaluation.R#L25 #' The function expects prediction resul ...
R/evaluation.R#L33 #' @param seurat_object A Seurat object  ...
R/evaluation.R#L51     direct_table <- table(seurat_object$ ...
R/evaluation.R#L52     threshold_table <- table(seurat_obje ...
R/evaluation.R#L104 #' Creates various visualization plots f ...
R/evaluation.R#L108 #' This function automates the creation  ...
R/evaluation.R#L109 #' analysis results. It creates and save ...
R/evaluation.R#L110 #' data, which is useful for exploring c ...
R/evaluation.R#L120 #' The UMAP plot visualizes cells in a r ...
R/evaluation.R#L122 #' clusters of cells with similar expres ...
R/evaluation.R#L146     p1 <- ggplot2::ggplot(seurat_object@ ...
R/evaluation.R#L157     ggplot2::ggsave(file.path(results_di ...
R/evaluation.R#L169 #' @param seurat_obj Seurat object. The  ...
R/evaluation.R#L173 #' @param metrics Character vector. Metr ...
R/evaluation.R#L199 #' true_labels <- factor(sample(c("TypeA ...
R/evaluation.R#L200 #' predicted_labels <- factor(sample(c(" ...
R/evaluation.R#L227                                          ...
R/evaluation.R#L235         stop("predictions must be a char ...
R/evaluation.R#L243         stop(sprintf("True labels column ...
R/evaluation.R#L246     valid_metrics <- c("accuracy", "prec ...
R/evaluation.R#L285                 stop(sprintf("Error calc ...
R/evaluation.R#L314                         sum(predictions[ ...
R/evaluation.R#L331                         sum(predictions[ ...
R/evaluation.R#L350                             sum(predicti ...
R/evaluation.R#L362                             sum(predicti ...
R/evaluation.R#L386                             sum(predicti ...
R/evaluation.R#L398                             sum(predicti ...
R/evaluation.R#L455 #'     value = c(0.85, 0.82, 0.88, 0.85, ...
R/evaluation.R#L460 #' This function creates various types o ...
R/evaluation.R#L474 #' For the confusion matrix plot, cell c ...
R/evaluation.R#L475 #' metrics plot displays precision, reca ...
R/evaluation.R#L476 #' ROC and PR curves visualize classifie ...
R/evaluation.R#L515     if (plot_type == "confusion" && !"co ...
R/evaluation.R#L524     if (plot_type %in% c("roc", "pr") && ...
R/evaluation.R#L541                     ggplot2::ggplot(conf ...
R/evaluation.R#L543                         ggplot2::scale_f ...
R/evaluation.R#L545                         ggplot2::theme(a ...
R/evaluation.R#L556                     metrics_data <- resh ...
R/evaluation.R#L559                     ggplot2::ggplot(metr ...
R/evaluation.R#L560                         ggplot2::geom_ba ...
R/evaluation.R#L568                         ggplot2::theme(a ...
R/evaluation.R#L570                             title = titl ...
R/evaluation.R#L588                         ggplot2::geom_ab ...
R/evaluation.R#L610                         ggplot2::labs(ti ...
R/kegg_parsing.R#L31         stop(sprintf("Default assay '%s' ...
R/kegg_parsing.R#L75 #' @param file_path Character string spe ...
R/kegg_parsing.R#L79 #' @return A list where each element is  ...
R/kegg_parsing.R#L88 #'     "DESCRIPTION Glycolysis is the pr ...
R/kegg_parsing.R#L91 #'     "GENE        5213  PFKM; phosphof ...
R/kegg_parsing.R#L92 #'     "GENE        5214  PFKL; phosphof ...
R/kegg_parsing.R#L93 #'     "GENE        5211  PFKP; phosphof ...
R/kegg_parsing.R#L120                 pathways[[current_pathwa ...
R/kegg_parsing.R#L175         message(sprintf("Processing %d p ...
R/kegg_parsing.R#L183         valid_genes <- pathway_genes[!is ...
R/kegg_parsing.R#L192             pathway_data <- Seurat::Fetc ...
R/kegg_parsing.R#L211     return(list(pathway_matrix = pathway ...
R/kegg_parsing.R#L217 #' Calculates pathway activity scores fo ...
R/kegg_parsing.R#L218 #' This function is used in PREDICT mode ...
R/kegg_parsing.R#L222 #' This function performs only the pathw ...
R/kegg_parsing.R#L223 #' building. It aggregates gene expressi ...
R/kegg_parsing.R#L224 #' profiles for different conditions. Th ...
R/kegg_parsing.R#L231 #' @return A matrix of pathway activity  ...
R/kegg_parsing.R#L256 calculate_pathway_activities <- function ...
R/kegg_parsing.R#L260         message(sprintf("Calculating pat ...
R/kegg_parsing.R#L268         valid_genes <- pathway_genes[!is ...
R/kegg_parsing.R#L277             pathway_data <- Seurat::Fetc ...
R/pathway_analysis.R#L8 #' @param seurat_obj Seurat object. The  ...
R/pathway_analysis.R#L9 #' @param kegg_pathways List. A list of  ...
R/pathway_analysis.R#L11 #' @param min_genes Integer. Minimum num ...
R/pathway_analysis.R#L13 #' @param max_genes Integer. Maximum num ...
R/pathway_analysis.R#L15 #' @param p_cutoff Numeric. P-value cuto ...
R/pathway_analysis.R#L77   if (!is.numeric(max_genes) || length(m ...
R/pathway_analysis.R#L81   if (!is.numeric(p_cutoff) || length(p_ ...
R/pathway_analysis.R#L91     stop("Seurat object must contain nor ...
R/pathway_analysis.R#L108   valid_pathways <- kegg_pathways[pathwa ...
R/pathway_analysis.R#L111     stop(sprintf("No pathways found with ...
R/pathway_analysis.R#L135             warning(sprintf("Error in st ...
R/pathway_analysis.R#L167     warning(sprintf("No pathways found s ...
R/pathway_analysis.R#L184 #' @param seurat_obj Seurat object. The  ...
R/pathway_analysis.R#L189 #' @param top_n Integer. Number of top p ...
R/pathway_analysis.R#L192 #' @param title Character. Title for the ...
R/pathway_analysis.R#L260   if (!is.list(pathway_results) || !"pat ...
R/pathway_analysis.R#L272   if (!is.null(cells.use) && (!is.charac ...
R/pathway_analysis.R#L332       ggplot2::ggplot(heatmap_data, ggpl ...
R/pathway_analysis.R#L368 #' @return A data frame containing pathw ...
R/pathway_analysis.R#L481   p <- ggplot2::ggplot(plot_data, ggplot ...
R/pipeline.R#L4 #' Runs the complete scCulturePredict an ...
R/pipeline.R#L5 #' fingerprints from labeled training da ...
R/pipeline.R#L8 #' @param data_dir Character string spec ...
R/pipeline.R#L9 #' @param kegg_file Character string spe ...
R/pipeline.R#L10 #'   Required for "build" mode, optional ...
R/pipeline.R#L12 #' @param mode Character string specifyi ...
R/pipeline.R#L13 #'   fingerprints from labeled data) or  ...
R/pipeline.R#L15 #' @param fingerprint_file Character str ...
R/pipeline.R#L17 #' @param experiment_id Character string ...
R/pipeline.R#L19 #' @param use_shell_script Logical indic ...
R/pipeline.R#L21 #' @param perform_tsne Logical indicatin ...
R/pipeline.R#L22 #' @param progress Logical indicating wh ...
R/pipeline.R#L23 #' @param parallel Logical indicating wh ...
R/pipeline.R#L24 #' @param n_cores Integer specifying the ...
R/pipeline.R#L30 #'   \item seurat_object: The processed  ...
R/pipeline.R#L31 #'   \item pathway_results: Results from ...
R/pipeline.R#L32 #'   \item prediction_results: Results f ...
R/pipeline.R#L33 #'   \item evaluation_results: Results f ...
R/pipeline.R#L71 #'   \item Dual prediction approaches: s ...
R/pipeline.R#L78 #'   \item \code{progress = TRUE}: Shows ...
R/pipeline.R#L80 #'   \item \code{parallel = TRUE}: Enabl ...
R/pipeline.R#L85 #'   \item \code{seurat_object.rds}: Com ...
R/pipeline.R#L165         if (is.null(kegg_file) || !is.ch ...
R/pipeline.R#L166             stop("kegg_file must be prov ...
R/pipeline.R#L172         if (is.null(fingerprint_file) || ...
R/pipeline.R#L173             stop("fingerprint_file must  ...
R/pipeline.R#L219         if (verbose) message(sprintf("Se ...
R/pipeline.R#L228         pb <- txtProgressBar(min = 0, ma ...
R/pipeline.R#L245             seurat_object <- load_data(d ...
R/pipeline.R#L261             seurat_object <- reduce_dime ...
R/pipeline.R#L270                 if (verbose) message("Ru ...
R/pipeline.R#L271                 result <- run_build_mode ...
R/pipeline.R#L273                 if (verbose) message("Ru ...
R/pipeline.R#L274                 result <- run_predict_mo ...
R/pipeline.R#L285             if (verbose) message("scCult ...
R/pipeline.R#L303 #'     \item{seurat_object}{Seurat objec ...
R/pipeline.R#L304 #'     \item{models}{List containing tra ...
R/pipeline.R#L305 #'     \item{evaluation_results}{List wi ...
R/pipeline.R#L307 #'     \item{fingerprints}{Matrix of cal ...
R/pipeline.R#L308 #'     \item{pathway_activities}{Matrix  ...
R/pipeline.R#L317 run_build_mode <- function(seurat_object ...
R/pipeline.R#L328     pathway_results <- build_fingerprint ...
R/pipeline.R#L358         if (verbose) message("Using simi ...
R/pipeline.R#L373     fingerprint_file <- file.path(output ...
R/pipeline.R#L397     create_evaluation_plots(seurat_objec ...
R/pipeline.R#L406     save_object(evaluation_results, file ...
R/pipeline.R#L415         prediction_results = list(simila ...
R/pipeline.R#L431 #'     \item{seurat_object}{Query Seurat ...
R/pipeline.R#L432 #'     \item{predictions}{Character vect ...
R/pipeline.R#L433 #'     \item{confidence_scores}{Numeric  ...
R/pipeline.R#L435 #'     \item{pathway_activities}{Matrix  ...
R/pipeline.R#L436 #'     \item{similarity_scores}{Matrix o ...
R/pipeline.R#L440 run_predict_mode <- function(seurat_obje ...
R/pipeline.R#L450     required_components <- c("kegg_pathw ...
R/pipeline.R#L492     # Feature matching safeguard: ensure ...
R/pipeline.R#L502                 missing_features <- setd ...
R/pipeline.R#L505                         message(sprintf( ...
R/pipeline.R#L519                 message(sprintf("SVM pre ...
R/pipeline.R#L541         if (verbose) message("Using simi ...
R/pipeline.R#L567     create_prediction_plots(seurat_objec ...
R/pipeline.R#L575     save_object(seurat_object, file.path ...
R/pipeline.R#L576     save_object(pathway_results, file.pa ...
R/pipeline.R#L581     save_object(evaluation_results, file ...
R/pipeline.R#L590         prediction_results = list(simila ...
R/pipeline.R#L599 #' @return A numeric vector of confidenc ...
R/pipeline.R#L605 calculate_prediction_confidence <- funct ...
R/pipeline.R#L607     correlations <- cor(new_pathway_matr ...
R/pipeline.R#L621     confidence_scores[is.na(confidence_s ...
R/pipeline.R#L627 #' @return A named list of ggplot2 objec ...
R/pipeline.R#L630 create_prediction_plots <- function(seur ...
R/pipeline.R#L633     # In a full implementation, this wou ...
R/pipeline.R#L634     create_evaluation_plots(seurat_objec ...
R/plotting.R#L4 #' Automatically generates appropriate v ...
R/plotting.R#L5 #' Detects whether results are from BUIL ...
R/plotting.R#L7 #' @param scCulture_results List. Result ...
R/plotting.R#L9 #' @param plot_type Character. Type of p ...
R/plotting.R#L12 #' @param point_alpha Numeric. Transpare ...
R/plotting.R#L13 #' @param return_data Logical. If TRUE,  ...
R/plotting.R#L17 #' For PREDICT mode: A list of ggplot ob ...
R/plotting.R#L22 #' This function automatically detects t ...
R/plotting.R#L27 #'   \item **Accuracy Plot**: UMAP color ...
R/plotting.R#L34 #'   \item **Both Plots (default)**: Ret ...
R/plotting.R#L35 #'   \item **Predictions Plot**: UMAP co ...
R/plotting.R#L36 #'   \item **Confidence Plot**: UMAP col ...
R/plotting.R#L39 #' The function extracts UMAP coordinate ...
R/plotting.R#L49 #'         predicted_culture = sample(c( ...
R/plotting.R#L66 #' @importFrom ggplot2 ggplot aes geom_p ...
R/plotting.R#L90     if (!is.null(point_alpha) && (!is.nu ...
R/plotting.R#L105         stop("UMAP coordinates (UMAP_1,  ...
R/plotting.R#L122         return(create_build_plots(seurat ...
R/plotting.R#L124         return(create_predict_plots(seur ...
R/plotting.R#L133 #' @return A character string indicating ...
R/plotting.R#L148     has_confidence <- "prediction_confid ...
R/plotting.R#L169 #' @return A named list of ggplot2 objec ...
R/plotting.R#L178 create_build_plots <- function(seurat_ob ...
R/plotting.R#L211         ggplot2::ggplot(umap_data, ggplo ...
R/plotting.R#L220                 subtitle = "Blue = Corre ...
R/plotting.R#L225                 #' # plots <- create_pre ...
R/plotting.R#L229             ggplot2::guides(color = ggpl ...
R/plotting.R#L236 #' @return A named list of ggplot2 objec ...
R/plotting.R#L244 create_predict_plots <- function(seurat_ ...
R/plotting.R#L282             predictions = create_predict ...
R/plotting.R#L283             confidence = create_confiden ...
R/plotting.R#L286         stop("For PREDICT mode, plot_typ ...
R/plotting.R#L291 #' @return A ggplot2 object visualizing  ...
R/plotting.R#L295     ggplot2::ggplot(umap_data, ggplot2:: ...
R/plotting.R#L304         ggplot2::guides(color = ggplot2: ...
R/plotting.R#L308 #' @return A ggplot2 object showing the  ...
R/plotting.R#L314         stop("Confidence scores not avai ...
R/plotting.R#L317     ggplot2::ggplot(umap_data, ggplot2:: ...
R/prediction.R#L4 #' Predicts growth media conditions base ...
R/prediction.R#L8 #' This function implements a similarity ...
R/prediction.R#L9 #' by comparing pathway expression patte ...
R/prediction.R#L10 #' as the metric for comparison, which m ...
R/prediction.R#L15 #'   \item Calculates the cosine similar ...
R/prediction.R#L16 #'   \item Creates a similarity matrix w ...
R/prediction.R#L17 #'   \item Makes direct predictions by s ...
R/prediction.R#L18 #'   \item Makes threshold-based predict ...
R/prediction.R#L21 #' Cosine similarity ranges from -1 (com ...
R/prediction.R#L22 #' with 0 indicating orthogonality (no r ...
R/prediction.R#L23 #' control over prediction stringency -  ...
R/prediction.R#L27 #' @param threshold Numeric threshold fo ...
R/prediction.R#L28 #' @param verbose Logical indicating whe ...
R/prediction.R#L68 predict_by_similarity <- function(pathwa ...
R/prediction.R#L80     similarity_matrix <- matrix(nrow = n ...
R/prediction.R#L83             similarity_matrix[i, j] <- c ...
R/prediction.R#L89     predicted_direct <- colnames(signatu ...
R/prediction.R#L93         if (max(row) > threshold) colnam ...
R/prediction.R#L106 #' Predicts growth media conditions usin ...
R/prediction.R#L109 #' This function implements a machine le ...
R/prediction.R#L110 #' conditions using Support Vector Machi ...
R/prediction.R#L111 #' methods, SVM can capture more complex ...
R/prediction.R#L116 #'   \item Preparing data by removing NA ...
R/prediction.R#L124 #' The radial basis function kernel allo ...
R/prediction.R#L125 #' in the data, potentially improving pr ...
R/prediction.R#L146     pathway_df <- as.data.frame(pathway_ ...
R/prediction.R#L152     combined_data <- cbind(pathway_df, C ...
R/prediction.R#L155     train_idx <- sample(seq_len(nrow(com ...
R/prediction.R#L169     svm_model <- e1071::svm(Condition ~  ...
R/prediction.R#L180     colnames(scaled_test) <- c(colnames( ...
R/prediction.R#L182     confusion_matrix <- table(Predicted  ...
R/prediction.R#L196 #' Predicts cell types based on pathway  ...
R/prediction.R#L202 #' pathway activity patterns. It's desig ...
R/prediction.R#L206 #' The function performs several validat ...
R/prediction.R#L209 #'   \item Validates that pathway_activi ...
R/prediction.R#L210 #'   \item Checks that the number of cel ...
R/prediction.R#L212 #'   \item Ensures all required pathways ...
R/prediction.R#L217 #'   \item Extracts the relevant pathway ...
R/prediction.R#L220 #'   \item If probability=TRUE, returns  ...
R/prediction.R#L224 #' Error handling is implemented through ...
R/prediction.R#L229 #' @param pathway_activity Matrix. Pathw ...
R/prediction.R#L236 #' @return If probability is FALSE, retu ...
R/prediction.R#L304         stop("Number of cells in pathway ...
R/prediction.R#L321     if (!all(rownames(pathway_activity)  ...
R/prediction.R#L369 #' This function takes a Seurat object w ...
R/prediction.R#L373 #' This function trains a machine learni ...
R/prediction.R#L374 #' pathway activity patterns as features ...
R/prediction.R#L380 #'   \item "rf": Random Forest - An ense ...
R/prediction.R#L381 #'   \item "svm": Support Vector Machine ...
R/prediction.R#L382 #'   \item "xgb": XGBoost - A gradient b ...
R/prediction.R#L389 #'   \item Feature importance calculatio ...
R/prediction.R#L393 #'   \item Compilation of results includ ...
R/prediction.R#L396 #' Feature selection helps reduce dimens ...
R/prediction.R#L397 #' informative pathways, which can impro ...
R/prediction.R#L398 #' Cross-validation provides a robust es ...
R/prediction.R#L400 #' The function includes comprehensive e ...
R/prediction.R#L401 #' with informative error messages to he ...
R/prediction.R#L405 #' @param pathway_activity Matrix. Pathw ...
R/prediction.R#L407 #' @param cell_type_col Character. Name  ...
R/prediction.R#L409 #' @param method Character. Classificati ...
R/prediction.R#L481         stop("Number of cells in pathway ...
R/prediction.R#L489         stop(sprintf("Cell type column ' ...
R/prediction.R#L540                 caret::varImp(randomFore ...
R/prediction.R#L552     top_features <- rownames(feature_imp ...
R/preprocessing.R#L4 #' Performs standard preprocessing steps ...
R/preprocessing.R#L5 #' variable feature selection, and scali ...
R/preprocessing.R#L9 #' @param n_features Integer. Number of  ...
R/preprocessing.R#L10 #'   These are the most informative gene ...
R/preprocessing.R#L87     if (!is.numeric(scale_factor) || len ...
R/preprocessing.R#L112         if (verbose) message("Data is al ...
R/preprocessing.R#L171 #' @param seurat_object A Seurat object  ...
R/preprocessing.R#L172 #' @param perform_tsne Logical indicatin ...
R/preprocessing.R#L181 #' seurat_object <- reduce_dimensions(se ...
R/preprocessing.R#L182 reduce_dimensions <- function(seurat_obj ...
R/preprocessing.R#L185     seurat_object <- Seurat::RunPCA(seur ...
R/preprocessing.R#L189     seurat_object <- Seurat::RunUMAP(seu ...
R/preprocessing.R#L199         seurat_object <- Seurat::RunTSNE ...
R/scCulturePredict-package.R#L4 #' The scCulturePredict package provides ...
R/scCulturePredict-package.R#L5 #' to predict cell culture media conditi ...
R/scCulturePredict-package.R#L6 #' in two modes: "build" to generate tra ...
R/scCulturePredict-package.R#L7 #' training data, and "predict" to apply ...
R/scCulturePredict-package.R#L8 #' functions are available for data load ...
R/scCulturePredict-package.R#L13 #' @importFrom utils head install.packag ...
R/scCulturePredict-package.R#L43 #' For most users, the recommended appro ...
R/scCulturePredict-package.R#L72 #' The \code{\link{load_data}} function  ...
R/scCulturePredict-package.R#L80 #' The preprocessing functions (\code{\l ...
R/scCulturePredict-package.R#L89 #' (\code{\link{predict_by_similarity}}) ...
R/scCulturePredict-package.R#L93 #' Results can be evaluated and visualiz ...
R/scCulturePredict-package.R#L94 #' \code{\link{create_evaluation_plots}} ...
R/scCulturePredict-package.R#L110 #' \code{\link{create_evaluation_metrics ...
R/utils.R#L5 #' This is a more robust version of load ...
R/utils.R#L8 #' @param repos Character vector of repo ...
R/utils.R#L10 #' @return Invisible NULL. This function ...
R/utils.R#L38             warning(sprintf("Package %s  ...
R/utils.R#L53 #' @return Invisible NULL. The directory ...
R/utils.R#L90 #' @param compress Logical indicating wh ...
R/utils.R#L92 #' @return Invisible NULL. The object is ...
R/utils.R#L135             stop(sprintf("Failed to save ...
R/utils.R#L189             stop(sprintf("Failed to load ...
R/utils.R#L434             warning(sprintf("File extens ...
R/visualization.R#L7 #' This function generates a UMAP (Unifo ...
R/visualization.R#L25 #' error messages, making the function r ...
R/visualization.R#L28 #' @param color_by Character string spec ...
R/visualization.R#L31 #' @param title Character string for plo ...
R/visualization.R#L32 #' @param legend_title Character string  ...
R/visualization.R#L44 #'     plot2 = ggplot2::ggplot(iris, ggp ...
R/visualization.R#L50 create_umap_plot <- function(seurat_obje ...
R/visualization.R#L74     if (!is.null(legend_title) && (!is.c ...
R/visualization.R#L91             p <- ggplot2::ggplot(seurat_ ...
R/visualization.R#L111 #' Creates a bar plot showing prediction ...
R/visualization.R#L133 #' The resulting plot displays samples o ...
R/visualization.R#L134 #' with each bar representing the percen ...
R/visualization.R#L140 #' @param evaluation_results List contai ...
R/visualization.R#L141 #' @param method Character string specif ...
R/visualization.R#L173 create_accuracy_plot <- function(evaluat ...
R/visualization.R#L174                                  title = ...
R/visualization.R#L212             p <- ggplot2::ggplot(accurac ...
R/visualization.R#L214                 ggplot2::geom_text(ggplo ...
R/visualization.R#L217                     title = title %||% p ...
R/visualization.R#L242 #' Creates a heatmap visualization of th ...
R/visualization.R#L247 #' labels, helping to identify which cat ...
R/visualization.R#L251 #'   \item "direct": Uses the confusion  ...
R/visualization.R#L252 #'   \item "threshold": Uses the confusi ...
R/visualization.R#L253 #'   \item "svm": Uses the confusion mat ...
R/visualization.R#L259 #'   \item Extracting the appropriate co ...
R/visualization.R#L273 #' @param evaluation_results List contai ...
R/visualization.R#L274 #' @param method Character string specif ...
R/visualization.R#L310                                      tit ...
R/visualization.R#L353     if (verbose) message(sprintf("Creati ...
R/visualization.R#L361             p <- ggplot2::ggplot(confusi ...
R/visualization.R#L363                 ggplot2::geom_text(ggplo ...
R/visualization.R#L370                     title = title %||% p ...
R/visualization.R#L374                 ggplot2::theme(axis.text ...
R/visualization.R#L379             stop(sprintf("Error creating ...
R/visualization.R#L390 #' This function automates the process o ...
R/visualization.R#L391 #' plots for scCulturePredict analysis r ...
R/visualization.R#L392 #' visualizations and saves them to the  ...
R/visualization.R#L397 #'   \item Direct accuracy plot: Bar plo ...
R/visualization.R#L399 #'   \item Direct confusion matrix: Heat ...
R/visualization.R#L413 #' ensuring visual coherence across the  ...
R/visualization.R#L414 #' allows for organizing multiple analys ...
R/visualization.R#L420 #' @param evaluation_results List contai ...
R/visualization.R#L462 save_visualization_plots <- function(seu ...
R/visualization.R#L463                                      pre ...
R/visualization.R#L520             ggplot2::ggsave(file.path(ou ...
R/visualization.R#L529             ggplot2::ggsave(file.path(ou ...
R/visualization.R#L535             direct_confusion_plot <- cre ...
R/visualization.R#L539             ggplot2::ggsave(file.path(ou ...
R/visualization.R#L548             ggplot2::ggsave(file.path(ou ...
man/analyze_pathway_enrichment.Rd#L17 \item{seurat_obj}{Seurat object. The Seu ...
man/analyze_pathway_enrichment.Rd#L19 \item{kegg_pathways}{List. A list of KEG ...
man/analyze_pathway_enrichment.Rd#L22 \item{min_genes}{Integer. Minimum number ...
man/analyze_pathway_enrichment.Rd#L25 \item{max_genes}{Integer. Maximum number ...
man/analyze_pathway_enrichment.Rd#L28 \item{p_cutoff}{Numeric. P-value cutoff  ...
man/calculate_pathway_activities.Rd#L20 Calculates pathway activity scores for n ...
man/calculate_pathway_activities.Rd#L21 This function is used in PREDICT mode wh ...
man/calculate_prediction_confidence.Rd#L10 A numeric vector of confidence scores be ...
man/check_and_install_packages.Rd#L12 \item{repos}{Character vector of reposit ...
man/check_and_install_packages.Rd#L15 Invisible NULL. This function is called  ...
man/create_accuracy_plot.Rd#L16 \item{evaluation_results}{List containin ...
man/create_accuracy_plot.Rd#L18 \item{method}{Character string specifyin ...
man/create_accuracy_plot.Rd#L31 Creates a bar plot showing prediction ac ...
man/create_accuracy_plot.Rd#L53 The resulting plot displays samples on t ...
man/create_accuracy_plot.Rd#L54 with each bar representing the percentag ...
man/create_confusion_heatmap.Rd#L16 \item{evaluation_results}{List containin ...
man/create_confusion_heatmap.Rd#L18 \item{method}{Character string specifyin ...
man/create_confusion_heatmap.Rd#L36 labels, helping to identify which catego ...
man/create_confusion_heatmap.Rd#L40   \item "direct": Uses the confusion mat ...
man/create_confusion_heatmap.Rd#L48   \item Extracting the appropriate confu ...
man/create_dir_if_not_exists.Rd#L16 Invisible NULL. The directory is created ...
man/create_evaluation_metrics_plot.Rd#L50 This function creates various types of e ...
man/create_evaluation_metrics_plot.Rd#L72     value = c(0.85, 0.82, 0.88, 0.85, 0. ...
man/create_evaluation_plots.Rd#L29 Creates various visualization plots for  ...
man/create_evaluation_plots.Rd#L33 This function automates the creation of  ...
man/create_pathway_heatmap.Rd#L17 \item{seurat_obj}{Seurat object. The Seu ...
man/create_pathway_heatmap.Rd#L24 \item{top_n}{Integer. Number of top path ...
man/create_pathway_heatmap.Rd#L29 \item{title}{Character. Title for the he ...
man/create_umap_plot.Rd#L19 \item{color_by}{Character string specify ...
man/create_umap_plot.Rd#L26 \item{legend_title}{Character string for ...
man/create_umap_plot.Rd#L63     plot2 = ggplot2::ggplot(iris, ggplot ...
man/detect_scCulture_mode.Rd#L10 A character string indicating the detect ...
man/evaluate_cell_type_predictions.Rd#L16 \item{seurat_obj}{Seurat object. The Seu ...
man/evaluate_cell_type_predictions.Rd#L57 predicted_labels <- factor(sample(c("Typ ...
man/evaluate_predictions.Rd#L25 Evaluates the performance of different p ...
man/evaluate_predictions.Rd#L29 This function performs a comprehensive e ...
man/evaluate_predictions.Rd#L30 predicted cell culture media conditions  ...
man/evaluate_predictions.Rd#L31 prediction methods including direct simi ...
man/evaluate_predictions.Rd#L41 Confusion matrices show the relationship ...
man/evaluate_predictions.Rd#L42 revealing which conditions are commonly  ...
man/evaluate_predictions.Rd#L46 The function expects prediction results  ...
man/load_data.Rd#L19 \item{data_dir}{Character string specify ...
man/load_data.Rd#L26 \item{experiment_id}{Character string sp ...
man/load_data.Rd#L29 \item{use_shell_script}{Logical indicati ...
man/load_data.Rd#L30 If TRUE, attempts to use shell script fi ...
man/load_data.Rd#L39 \item{min_cells}{Integer specifying the  ...
man/load_data.Rd#L42 \item{min_features}{Integer specifying t ...
man/load_data.Rd#L45 \item{verbose}{Logical indicating whethe ...
man/load_data.Rd#L52   \item Filtered genes and cells based o ...
man/load_data.Rd#L56 Loads single-cell data from a directory  ...
man/load_data.Rd#L57 First attempts to use the shell script f ...
man/load_packages.Rd#L13 Invisible NULL. This function is called  ...
man/load_packages.Rd#L16 Loads all required packages for the scCu ...
man/parse_kegg_keg.Rd#L30     "GENE        5213  PFKM; phosphofruc ...
man/parse_kegg_keg.Rd#L31     "GENE        5214  PFKL; phosphofruc ...
man/parse_kegg_keg.Rd#L32     "GENE        5211  PFKP; phosphofruc ...
man/perform_dimensionality_reduction.Rd#L20 \item{dims}{Integer vector specifying wh ...
man/perform_dimensionality_reduction.Rd#L23 \item{perform_tsne}{Logical indicating w ...
man/perform_dimensionality_reduction.Rd#L28   \item seurat_object: The Seurat object ...
man/plot_scCulture.Rd#L19 \item{plot_type}{Character. Type of plot ...
man/plot_scCulture.Rd#L24 \item{point_alpha}{Numeric. Transparency ...
man/plot_scCulture.Rd#L26 \item{return_data}{Logical. If TRUE, ret ...
man/plot_scCulture.Rd#L30 For PREDICT mode: A list of ggplot objec ...
man/plot_scCulture.Rd#L35 Automatically generates appropriate visu ...
man/plot_scCulture.Rd#L36 Detects whether results are from BUILD o ...
man/plot_scCulture.Rd#L39 This function automatically detects the  ...
man/plot_scCulture.Rd#L44   \item **Accuracy Plot**: UMAP colored  ...
man/plot_scCulture.Rd#L51   \item **Both Plots (default)**: Return ...
man/plot_scCulture.Rd#L52   \item **Predictions Plot**: UMAP color ...
man/plot_scCulture.Rd#L53   \item **Confidence Plot**: UMAP colore ...
man/plot_scCulture.Rd#L56 The function extracts UMAP coordinates a ...
man/plot_scCulture.Rd#L66         predicted_culture = sample(c("Cu ...
man/predict_by_similarity.Rd#L19 \item{threshold}{Numeric threshold for s ...
man/predict_by_similarity.Rd#L21 \item{verbose}{Logical indicating whethe ...
man/predict_by_similarity.Rd#L32 Predicts growth media conditions based o ...
man/predict_by_similarity.Rd#L36 This function implements a similarity-ba ...
man/predict_by_similarity.Rd#L37 by comparing pathway expression patterns ...
man/predict_by_similarity.Rd#L38 as the metric for comparison, which meas ...
man/predict_by_similarity.Rd#L43   \item Calculates the cosine similarity ...
man/predict_by_similarity.Rd#L45   \item Makes direct predictions by sele ...
man/predict_by_similarity.Rd#L46   \item Makes threshold-based prediction ...
man/predict_by_similarity.Rd#L49 Cosine similarity ranges from -1 (comple ...
man/predict_by_similarity.Rd#L50 with 0 indicating orthogonality (no rela ...
man/predict_by_similarity.Rd#L51 control over prediction stringency - hig ...
man/predict_by_svm.Rd#L26 Predicts growth media conditions using S ...
man/predict_by_svm.Rd#L30 conditions using Support Vector Machine  ...
man/predict_by_svm.Rd#L44 The radial basis function kernel allows  ...
man/predict_cell_types.Rd#L37 Predicts cell types based on pathway act ...
man/predict_cell_types.Rd#L50   \item Validates that pathway_activity  ...
man/predict_cell_types.Rd#L51   \item Checks that the number of cells  ...
man/predict_cell_types.Rd#L58   \item Extracts the relevant pathway ac ...
man/predict_cell_types.Rd#L61   \item If probability=TRUE, returns bot ...
man/prepare_files_for_seurat.Rd#L10 \item{input_dir}{Character string specif ...
man/prepare_files_for_seurat.Rd#L14 \item{experiment_id}{Character string sp ...
man/prepare_files_for_seurat.Rd#L22 Prepares input files for Seurat by copyi ...
man/preprocess_data.Rd#L17 \item{n_features}{Integer. Number of var ...
man/preprocess_data.Rd#L34 Performs standard preprocessing steps on ...
man/reduce_dimensions.Rd#L12 \item{perform_tsne}{Logical indicating w ...
man/reduce_dimensions.Rd#L26 seurat_object <- reduce_dimensions(seura ...
man/run_build_mode.Rd#L14     \item{evaluation_results}{List with  ...
man/run_build_mode.Rd#L16     \item{fingerprints}{Matrix of calcul ...
man/run_build_mode.Rd#L17     \item{pathway_activities}{Matrix of  ...
man/run_umap.Rd#L38     \item \code{seurat_obj@reductions$um ...
man/save_object.Rd#L14 \item{compress}{Logical indicating wheth ...
man/save_object.Rd#L17 Invisible NULL. The object is saved to t ...
man/save_visualization_plots.Rd#L19 \item{evaluation_results}{List containin ...
man/save_visualization_plots.Rd#L37 This function automates the process of c ...
man/save_visualization_plots.Rd#L38 plots for scCulturePredict analysis resu ...
man/save_visualization_plots.Rd#L46   \item Direct confusion matrix: Heatmap ...
man/scCulture.Rd#L23 \item{data_dir}{Character string specify ...
man/scCulture.Rd#L26 Required for "build" mode, optional for  ...
man/scCulture.Rd#L30 \item{mode}{Character string specifying  ...
man/scCulture.Rd#L31 fingerprints from labeled data) or "pred ...
man/scCulture.Rd#L34 \item{fingerprint_file}{Character string ...
man/scCulture.Rd#L37 \item{experiment_id}{Character string sp ...
man/scCulture.Rd#L40 \item{use_shell_script}{Logical indicati ...
man/scCulture.Rd#L43 \item{perform_tsne}{Logical indicating w ...
man/scCulture.Rd#L45 \item{progress}{Logical indicating wheth ...
man/scCulture.Rd#L47 \item{parallel}{Logical indicating wheth ...
man/scCulture.Rd#L49 \item{n_cores}{Integer specifying the nu ...
man/scCulture.Rd#L57   \item seurat_object: The processed Seu ...
man/scCulture.Rd#L58   \item pathway_results: Results from KE ...
man/scCulture.Rd#L60   \item evaluation_results: Results from ...
man/scCulture.Rd#L65 Runs the complete scCulturePredict analy ...
man/scCulture.Rd#L66 fingerprints from labeled training data, ...
man/scCulture.Rd#L110   \item \code{progress = TRUE}: Shows de ...
man/scCulture.Rd#L112   \item \code{parallel = TRUE}: Enables  ...
man/scCulture.Rd#L117   \item \code{seurat_object.rds}: Comple ...
man/scCulturePredict-package.Rd#L9 The scCulturePredict package provides du ...
man/scCulturePredict-package.Rd#L10 to predict cell culture media conditions ...
man/scCulturePredict-package.Rd#L11 in two modes: "build" to generate transf ...
man/scCulturePredict-package.Rd#L12 training data, and "predict" to apply th ...
man/scCulturePredict-package.Rd#L13 functions are available for data loading ...
man/scCulturePredict-package.Rd#L44 For most users, the recommended approach ...
man/scCulturePredict-package.Rd#L86 The preprocessing functions (\code{\link ...
man/scCulturePredict-package.Rd#L99 (\code{\link{predict_by_similarity}}) or ...
man/scCulturePredict-package.Rd#L105 Results can be evaluated and visualized  ...
man/scCulturePredict-package.Rd#L106 \code{\link{create_evaluation_plots}}, a ...
man/train_cell_type_classifier.Rd#L27 \item{method}{Character. Classification  ...
man/train_cell_type_classifier.Rd#L53 pathway activity patterns as features. I ...
man/train_cell_type_classifier.Rd#L60   \item "svm": Support Vector Machine -  ...
man/train_cell_type_classifier.Rd#L61   \item "xgb": XGBoost - A gradient boos ...
man/train_cell_type_classifier.Rd#L72   \item Compilation of results including ...
man/train_cell_type_classifier.Rd#L80 with informative error messages to help  ...
man/validate_and_fix_file.Rd#L22 Checks for malformed input files (e.g.,  ...
vignettes/scCulturePredict-advanced.Rmd#L28 This vignette covers advanced usage of t ...
vignettes/scCulturePredict-advanced.Rmd#L43 We'll use the same example data as in th ...
vignettes/scCulturePredict-advanced.Rmd#L52 seurat_object <- CreateSeuratObject(coun ...
vignettes/scCulturePredict-advanced.Rmd#L57 The `scumap()` function provides several ...
vignettes/scCulturePredict-advanced.Rmd#L61 For large datasets, you can enable progr ...
vignettes/scCulturePredict-advanced.Rmd#L67     kegg_file = system.file("extdata", " ...
vignettes/scCulturePredict-advanced.Rmd#L84 You can customize various aspects of the ...
vignettes/scCulturePredict-advanced.Rmd#L90     kegg_file = system.file("extdata", " ...
vignettes/scCulturePredict-advanced.Rmd#L117         cat(sprintf("Processing dataset  ...
vignettes/scCulturePredict-advanced.Rmd#L155 Batch effects can significantly impact s ...
vignettes/scCulturePredict-advanced.Rmd#L202 seurat_object[["percent_mito"]] <- Perce ...
vignettes/scCulturePredict-advanced.Rmd#L203 seurat_object[["percent_ribo"]] <- Perce ...
vignettes/scCulturePredict-advanced.Rmd#L304     if (verbose) message(sprintf("Proces ...
vignettes/scCulturePredict-advanced.Rmd#L501         curve_points <- slingshot_result ...
vignettes/scCulturePredict-advanced.Rmd#L630 #   kegg_file = system.file("extdata", " ...
vignettes/scCulturePredict-advanced.Rmd#L640 This vignette demonstrated advanced usag ...
vignettes/scCulturePredict-introduction.Rmd#L28 `scCulturePredict` is a comprehensive R  ...
vignettes/scCulturePredict-introduction.Rmd#L30 This vignette provides an introduction t ...
vignettes/scCulturePredict-introduction.Rmd#L39 * Prediction of cell culture media using ...
vignettes/scCulturePredict-introduction.Rmd#L46 The `scCulturePredict` package is availa ...
vignettes/scCulturePredict-introduction.Rmd#L49 # Package installation (for reference on ...
vignettes/scCulturePredict-introduction.Rmd#L76 `scCulturePredict` comes with example da ...
vignettes/scCulturePredict-introduction.Rmd#L79 2. 10X Genomics format - Industry standa ...
vignettes/scCulturePredict-introduction.Rmd#L83 csv_data_dir <- system.file("extdata", " ...
vignettes/scCulturePredict-introduction.Rmd#L86 tenx_data_dir <- system.file("extdata",  ...
vignettes/scCulturePredict-introduction.Rmd#L91 The typical workflow for using `scCultur ...
vignettes/scCulturePredict-introduction.Rmd#L102 For most users, the easiest way to run t ...
vignettes/scCulturePredict-introduction.Rmd#L108     kegg_file = system.file("extdata", " ...
vignettes/scCulturePredict-introduction.Rmd#L122 head(seurat_object@meta.data[, c("UMAP_1 ...
vignettes/scCulturePredict-introduction.Rmd#L138 All plots and results are automatically  ...
vignettes/scCulturePredict-introduction.Rmd#L142 For users who need more control over ind ...
vignettes/scCulturePredict-introduction.Rmd#L146 The `scCulturePredict` package can load  ...
vignettes/scCulturePredict-introduction.Rmd#L187 seurat_object <- CreateSeuratObject(coun ...
vignettes/scCulturePredict-introduction.Rmd#L197 Next, we preprocess the data, which incl ...
vignettes/scCulturePredict-introduction.Rmd#L241 Now we perform KEGG pathway analysis to  ...
vignettes/scCulturePredict-introduction.Rmd#L245 kegg_file <- system.file("extdata", "keg ...
vignettes/scCulturePredict-introduction.Rmd#L273 We can now predict the culture media usi ...
vignettes/scCulturePredict-introduction.Rmd#L310 First, let's add some mock prediction re ...
vignettes/scCulturePredict-introduction.Rmd#L318 seurat_object$predicted_sample_1 <- samp ...
vignettes/scCulturePredict-introduction.Rmd#L319 seurat_object$predicted_sample_2 <- samp ...
vignettes/scCulturePredict-introduction.Rmd#L320 seurat_object$classification_pred <- sam ...
vignettes/scCulturePredict-introduction.Rmd#L388 This format is easy to create and manipu ...
vignettes/scCulturePredict-introduction.Rmd#L397 This format is more memory-efficient for ...
vignettes/scCulturePredict-introduction.Rmd#L401 This vignette has demonstrated the basic ...
vignettes/scCulturePredict-visualization.Rmd#L28 Effective visualization is crucial for i ...
vignettes/scCulturePredict-visualization.Rmd#L41 For this vignette, we'll create some exa ...
vignettes/scCulturePredict-visualization.Rmd#L101 The `create_umap_plot` function generate ...
vignettes/scCulturePredict-visualization.Rmd#L256 The `create_evaluation_metrics_plot` fun ...
vignettes/scCulturePredict-visualization.Rmd#L259 # For this demonstration, we need additi ...
vignettes/scCulturePredict-visualization.Rmd#L292 The `save_visualization_plots` function  ...
vignettes/scCulturePredict-visualization.Rmd#L319 Since all visualization functions return ...
vignettes/scCulturePredict-visualization.Rmd#L340         panel.grid.major = element_line( ...
vignettes/scCulturePredict-visualization.Rmd#L350 The `scCulturePredict` package provides  ...
* NOTE: Consider multiples of 4 spaces for line indents; 666 lines (7%) are not.
First few lines:
R/data_loading.R#L299                       experiment_id, ...
R/data_loading.R#L300                       use_shell_script = ...
R/data_loading.R#L301                       metadata_file = NU ...
R/data_loading.R#L302                       counts_file = NULL ...
R/data_loading.R#L303                       min_cells = 3, ...
R/data_loading.R#L304                       min_features = 200 ...
R/data_loading.R#L305                       verbose = TRUE) { ...
R/dimensionality_reduction.R#L119                      n_neighbors = 30, ...
R/dimensionality_reduction.R#L120                      min_dist = 0.3, ...
R/dimensionality_reduction.R#L121                      n_components = 2, ...
R/dimensionality_reduction.R#L122                      verbose = TRUE) { ...
R/dimensionality_reduction.R#L204                          max_iter = 1000 ...
R/dimensionality_reduction.R#L244                                          ...
R/evaluation.R#L225                                          ...
R/evaluation.R#L226                                          ...
R/evaluation.R#L227                                          ...
R/evaluation.R#L228                                          ...
R/evaluation.R#L483                                          ...
R/evaluation.R#L484                                          ...
R/evaluation.R#L485                                          ...
R/evaluation.R#L486                                          ...
R/pathway_analysis.R#L55                                        k ...
R/pathway_analysis.R#L56                                        m ...
R/pathway_analysis.R#L57                                        m ...
R/pathway_analysis.R#L58                                        p ...
R/pathway_analysis.R#L59                                        v ...
R/pathway_analysis.R#L60   # Input validation ...
R/pathway_analysis.R#L61   if (!inherits(seurat_obj, "Seurat")) { ...
R/pathway_analysis.R#L63   } ...
R/pathway_analysis.R#L65   if (!is.list(kegg_pathways) || length( ...
R/pathway_analysis.R#L67   } ...
R/pathway_analysis.R#L69   if (!all(vapply(kegg_pathways, is.char ...
R/pathway_analysis.R#L71   } ...
R/pathway_analysis.R#L73   if (!is.numeric(min_genes) || length(m ...
R/pathway_analysis.R#L75   } ...
R/pathway_analysis.R#L77   if (!is.numeric(max_genes) || length(m ...
R/pathway_analysis.R#L79   } ...
R/pathway_analysis.R#L81   if (!is.numeric(p_cutoff) || length(p_ ...
R/pathway_analysis.R#L83   } ...
R/pathway_analysis.R#L85   if (!is.logical(verbose) || length(ver ...
R/pathway_analysis.R#L87   } ...
R/pathway_analysis.R#L89   # Check if data is normalized ...
R/pathway_analysis.R#L90   if (!"RNA" %in% names(seurat_obj@assay ...
R/pathway_analysis.R#L92   } ...
R/pathway_analysis.R#L94   # Get expression data ...
R/pathway_analysis.R#L95   if (verbose) message("Getting expressi ...
R/pathway_analysis.R#L96   expr_data <- tryCatch( ...
R/pathway_analysis.R#L98       Seurat::GetAssayData(seurat_obj, s ...
R/pathway_analysis.R#L101       stop(sprintf("Error getting expres ...
R/pathway_analysis.R#L103   ) ...
R/pathway_analysis.R#L105   # Filter pathways by gene count ...
R/pathway_analysis.R#L106   if (verbose) message("Filtering pathwa ...
R/pathway_analysis.R#L107   pathway_sizes <- vapply(kegg_pathways, ...
R/pathway_analysis.R#L108   valid_pathways <- kegg_pathways[pathwa ...
R/pathway_analysis.R#L110   if (length(valid_pathways) == 0) { ...
R/pathway_analysis.R#L112   } ...
R/pathway_analysis.R#L114   # Calculate pathway statistics ...
R/pathway_analysis.R#L115   if (verbose) message("Calculating path ...
R/pathway_analysis.R#L116   results <- tryCatch( ...
R/pathway_analysis.R#L118       do.call(rbind, lapply(names(valid_ ...
R/pathway_analysis.R#L123           return(NULL) ...
R/pathway_analysis.R#L131           { ...
R/pathway_analysis.R#L133           }, ...
R/pathway_analysis.R#L134           error = function(e) { ...
R/pathway_analysis.R#L137           } ...
R/pathway_analysis.R#L141           pathway = pathway, ...
R/pathway_analysis.R#L142           n_genes = length(valid_genes), ...
R/pathway_analysis.R#L143           mean_expr = mean(pathway_expr) ...
R/pathway_analysis.R#L144           sd_expr = sd(pathway_expr), ...
R/pathway_analysis.R#L145           p_value = test_result$p.value, ...
R/pathway_analysis.R#L146           stringsAsFactors = FALSE ...
R/pathway_analysis.R#L148       })) ...
R/pathway_analysis.R#L151       stop(sprintf("Error calculating pa ...
R/pathway_analysis.R#L153   ) ...
R/pathway_analysis.R#L155   if (nrow(results) == 0) { ...
R/pathway_analysis.R#L157   } ...
R/pathway_analysis.R#L159   # Adjust p-values ...
R/pathway_analysis.R#L160   if (verbose) message("Adjusting p-valu ...
R/pathway_analysis.R#L161   results$adj_p_value <- p.adjust(result ...
R/pathway_analysis.R#L163   # Filter by p-value ...
R/pathway_analysis.R#L164   results <- results[results$adj_p_value ...
R/pathway_analysis.R#L166   if (nrow(results) == 0) { ...
R/pathway_analysis.R#L168   } ...
R/pathway_analysis.R#L170   if (verbose) { ...
R/pathway_analysis.R#L172   } ...
R/pathway_analysis.R#L174   return(results) ...
R/pathway_analysis.R#L250                                    pathw ...
R/pathway_analysis.R#L251                                    top_n ...
R/pathway_analysis.R#L252                                    cells ...
R/pathway_analysis.R#L253                                    title ...
R/pathway_analysis.R#L254                                    verbo ...
R/pathway_analysis.R#L255   # Input validation ...
R/pathway_analysis.R#L256   if (!inherits(seurat_obj, "Seurat")) { ...
R/pathway_analysis.R#L258   } ...
R/pathway_analysis.R#L260   if (!is.list(pathway_results) || !"pat ...
R/pathway_analysis.R#L262   } ...
R/pathway_analysis.R#L264   if (!is.matrix(pathway_results$pathway ...
R/pathway_analysis.R#L266   } ...
R/pathway_analysis.R#L268   if (!is.numeric(top_n) || length(top_n ...
R/pathway_analysis.R#L270   } ...
R/pathway_analysis.R#L272   if (!is.null(cells.use) && (!is.charac ...
R/pathway_analysis.R#L274   } ...
R/pathway_analysis.R#L276   if (!is.character(title) || length(tit ...
R/pathway_analysis.R#L278   } ...
R/pathway_analysis.R#L280   if (!is.logical(verbose) || length(ver ...
R/pathway_analysis.R#L282   } ...
R/pathway_analysis.R#L284   # Get pathway matrix ...
R/pathway_analysis.R#L285   if (verbose) message("Preparing pathwa ...
R/pathway_analysis.R#L286   pathway_matrix <- tryCatch( ...
R/pathway_analysis.R#L288       pathway_results$pathway_matrix ...
R/pathway_analysis.R#L291       stop(sprintf("Error accessing path ...
R/pathway_analysis.R#L293   ) ...
R/pathway_analysis.R#L295   # Select cells ...
R/pathway_analysis.R#L296   if (!is.null(cells.use)) { ...
R/pathway_analysis.R#L300       stop(sprintf( ...
R/pathway_analysis.R#L303       )) ...
R/pathway_analysis.R#L306   } ...
R/pathway_analysis.R#L308   # Select top pathways ...
R/pathway_analysis.R#L309   if (verbose) message("Selecting top pa ...
R/pathway_analysis.R#L310   if (nrow(pathway_matrix) > top_n) { ...
R/pathway_analysis.R#L315   } ...
R/pathway_analysis.R#L317   # Create heatmap data ...
R/pathway_analysis.R#L318   if (verbose) message("Creating heatmap ...
R/pathway_analysis.R#L319   heatmap_data <- tryCatch( ...
R/pathway_analysis.R#L321       reshape2::melt(pathway_matrix) ...
R/pathway_analysis.R#L324       stop(sprintf("Error creating heatm ...
R/pathway_analysis.R#L326   ) ...
R/pathway_analysis.R#L327   names(heatmap_data) <- c("Pathway", "C ...
R/pathway_analysis.R#L329   # Create heatmap ...
R/pathway_analysis.R#L330   p <- tryCatch( ...
R/pathway_analysis.R#L332       ggplot2::ggplot(heatmap_data, ggpl ...
R/pathway_analysis.R#L335           low = "blue", mid = "white", h ...
R/pathway_analysis.R#L336           midpoint = 0, name = "Expressi ...
R/pathway_analysis.R#L340           axis.text.x = ggplot2::element ...
R/pathway_analysis.R#L341           axis.ticks.x = ggplot2::elemen ...
R/pathway_analysis.R#L342           panel.grid = ggplot2::element_ ...
R/pathway_analysis.R#L347       stop(sprintf("Error creating heatm ...
R/pathway_analysis.R#L349   ) ...
R/pathway_analysis.R#L351   if (verbose) { ...
R/pathway_analysis.R#L353   } ...
R/pathway_analysis.R#L355   return(p) ...
R/pathway_analysis.R#L406                                      con ...
R/pathway_analysis.R#L407   # Get condition labels ...
R/pathway_analysis.R#L408   conditions <- seurat_object@meta.data[ ...
R/pathway_analysis.R#L409   unique_conditions <- unique(conditions ...
R/pathway_analysis.R#L411   # Calculate pathway activity by condit ...
R/pathway_analysis.R#L412   activity_stats <- lapply(unique_condit ...
R/pathway_analysis.R#L425       tryCatch( ...
R/pathway_analysis.R#L427           t.test(pathway_activity[i, ],  ...
R/pathway_analysis.R#L430           NA ...
R/pathway_analysis.R#L432       ) ...
R/pathway_analysis.R#L436       pathway = rownames(pathway_activit ...
R/pathway_analysis.R#L437       condition = cond, ...
R/pathway_analysis.R#L438       mean_activity = mean_activity, ...
R/pathway_analysis.R#L439       sd_activity = sd_activity, ...
R/pathway_analysis.R#L440       p_value = p_values ...
R/pathway_analysis.R#L442   }) ...
R/pathway_analysis.R#L444   # Combine results ...
R/pathway_analysis.R#L445   results <- do.call(rbind, activity_sta ...
R/pathway_analysis.R#L447   # Adjust p-values ...
R/pathway_analysis.R#L448   results$adj_p_value <- p.adjust(result ...
R/pathway_analysis.R#L450   # Sort by adjusted p-value ...
R/pathway_analysis.R#L451   results <- results[order(results$adj_p ...
R/pathway_analysis.R#L453   return(results) ...
R/pathway_analysis.R#L474   # Get top pathways ...
R/pathway_analysis.R#L475   top_pathways <- unique(head(activity_r ...
R/pathway_analysis.R#L477   # Filter data for top pathways ...
R/pathway_analysis.R#L478   plot_data <- activity_results[activity ...
R/pathway_analysis.R#L480   # Create boxplot ...
R/pathway_analysis.R#L481   p <- ggplot2::ggplot(plot_data, ggplot ...
R/pathway_analysis.R#L486       axis.text.x = ggplot2::element_tex ...
R/pathway_analysis.R#L487       legend.position = "none" ...
R/pathway_analysis.R#L490       title = title %||% "Pathway Activi ...
R/pathway_analysis.R#L491       x = "Condition", ...
R/pathway_analysis.R#L492       y = "Pathway Activity" ...
R/pathway_analysis.R#L495   return(p) ...
R/pipeline.R#L142                       mode = "build", fi ...
R/pipeline.R#L143                       experiment_id = "e ...
R/pipeline.R#L144                       use_shell_script = ...
R/pipeline.R#L145                       progress = FALSE,  ...
R/pipeline.R#L146                       verbose = TRUE) { ...
R/plotting.R#L69                            plot_type = N ...
R/plotting.R#L70                            point_size =  ...
R/plotting.R#L71                            point_alpha = ...
R/plotting.R#L72                            return_data = ...
R/prediction.R#L290                                pathway_a ...
R/prediction.R#L291                                classifie ...
R/prediction.R#L292                                probabili ...
R/prediction.R#L293                                verbose = ...
R/prediction.R#L465                                        p ...
R/prediction.R#L466                                        c ...
R/prediction.R#L467                                        m ...
R/prediction.R#L468                                        n ...
R/prediction.R#L469                                        c ...
R/prediction.R#L470                                        v ...
R/visualization.R#L51                              title = "UM ...
R/visualization.R#L52                              verbose = T ...
R/visualization.R#L174                                  title = ...
R/visualization.R#L309                                      met ...
R/visualization.R#L310                                      tit ...
R/visualization.R#L463                                      pre ...
man/analyze_pathway_activity.Rd#L20   \item pathway: Pathway name ...
man/analyze_pathway_activity.Rd#L21   \item condition: Condition or cell typ ...
man/analyze_pathway_activity.Rd#L22   \item mean_activity: Mean pathway acti ...
man/analyze_pathway_activity.Rd#L23   \item sd_activity: Standard deviation  ...
man/analyze_pathway_activity.Rd#L24   \item p_value: P-value from statistica ...
man/analyze_pathway_activity.Rd#L25   \item adj_p_value: Adjusted p-value (F ...
man/analyze_pathway_activity.Rd#L38   pathway_matrix = matrix( ...
man/analyze_pathway_activity.Rd#L43       paste0("Pathway", seq_len(20)), ...
man/analyze_pathway_activity.Rd#L44       paste0("Cell", seq_len(100)) ...
man/analyze_pathway_activity.Rd#L46   ) ...
man/analyze_pathway_activity.Rd#L52   seurat_object, ...
man/analyze_pathway_activity.Rd#L53   pathway_results, ...
man/analyze_pathway_activity.Rd#L54   condition = "condition" ...
man/analyze_pathway_enrichment.Rd#L8   seurat_obj, ...
man/analyze_pathway_enrichment.Rd#L9   kegg_pathways, ...
man/analyze_pathway_enrichment.Rd#L10   min_genes = 5, ...
man/analyze_pathway_enrichment.Rd#L11   max_genes = 500, ...
man/analyze_pathway_enrichment.Rd#L12   p_cutoff = 0.05, ...
man/analyze_pathway_enrichment.Rd#L13   verbose = TRUE ...
man/analyze_pathway_enrichment.Rd#L35   \item pathway: Pathway ID ...
man/analyze_pathway_enrichment.Rd#L36   \item n_genes: Number of genes in the  ...
man/analyze_pathway_enrichment.Rd#L37   \item mean_expr: Mean expression of pa ...
man/analyze_pathway_enrichment.Rd#L38   \item sd_expr: Standard deviation of p ...
man/analyze_pathway_enrichment.Rd#L39   \item p_value: P-value from statistica ...
man/analyze_pathway_enrichment.Rd#L40   \item adj_p_value: Adjusted p-value (F ...
man/analyze_pathway_enrichment.Rd#L51   \item Validates input parameters and d ...
man/analyze_pathway_enrichment.Rd#L52   \item Filters pathways based on gene c ...
man/analyze_pathway_enrichment.Rd#L53   \item Calculates mean expression for e ...
man/analyze_pathway_enrichment.Rd#L54   \item Performs statistical testing ...
man/analyze_pathway_enrichment.Rd#L55   \item Adjusts p-values for multiple te ...
man/analyze_pathway_enrichment.Rd#L61   rnorm(150), ...
man/analyze_pathway_enrichment.Rd#L62   nrow = 15, ...
man/analyze_pathway_enrichment.Rd#L63   dimnames = list( ...
man/analyze_pathway_enrichment.Rd#L66   ) ...
man/build_fingerprints.Rd#L19   \item pathway_matrix: Matrix of pathwa ...
man/build_fingerprints.Rd#L20   \item signature_matrix: Matrix of cond ...
man/calculate_percentage.Rd#L25   \item Validates input parameters ...
man/calculate_percentage.Rd#L26   \item Calculates percentages ...
man/calculate_percentage.Rd#L27   \item Formats with proper decimal plac ...
man/calculate_percentage.Rd#L28   \item Adds percentage symbol ...
man/calculate_percentage.Rd#L33   \item Calculating cell type percentage ...
man/calculate_percentage.Rd#L34   \item Formatting plot labels ...
man/calculate_percentage.Rd#L35   \item Reporting statistics ...
man/calculate_percentage.Rd#L40   \item Proper percentage calculation ...
man/calculate_percentage.Rd#L41   \item Consistent decimal places ...
man/calculate_percentage.Rd#L42   \item Clean output format with % symbo ...
man/check_and_install_packages.Rd#L24   \item Checks if each package is instal ...
man/check_and_install_packages.Rd#L25   \item Attempts to install missing pack ...
man/check_and_install_packages.Rd#L26   \item Handles installation errors grac ...
man/check_and_install_packages.Rd#L31   \item Uses requireNamespace() instead  ...
man/check_and_install_packages.Rd#L32   \item Handles installation errors with ...
man/check_and_install_packages.Rd#L33   \item Provides informative warning mes ...
man/create_accuracy_plot.Rd#L8   evaluation_results, ...
man/create_accuracy_plot.Rd#L9   method = c("direct", "svm"), ...
man/create_accuracy_plot.Rd#L10   title = NULL, ...
man/create_accuracy_plot.Rd#L11   color_palette = NULL, ...
man/create_accuracy_plot.Rd#L12   verbose = TRUE ...
man/create_accuracy_plot.Rd#L40   \item "direct": Uses accuracy data fro ...
man/create_accuracy_plot.Rd#L41   \item "svm": Uses accuracy data from S ...
man/create_accuracy_plot.Rd#L46   \item Validating input parameters and  ...
man/create_accuracy_plot.Rd#L47   \item Extracting the appropriate accur ...
man/create_accuracy_plot.Rd#L48   \item Creating a bar plot with accurac ...
man/create_accuracy_plot.Rd#L49   \item Adding percentage labels above e ...
man/create_accuracy_plot.Rd#L50   \item Applying custom colors if provid ...
man/create_confusion_heatmap.Rd#L8   evaluation_results, ...
man/create_confusion_heatmap.Rd#L9   method = c("direct", "threshold", "svm ...
man/create_confusion_heatmap.Rd#L10   title = NULL, ...
man/create_confusion_heatmap.Rd#L11   color_palette = NULL, ...
man/create_confusion_heatmap.Rd#L12   verbose = TRUE ...
man/create_confusion_heatmap.Rd#L40   \item "direct": Uses the confusion mat ...
man/create_confusion_heatmap.Rd#L41   \item "threshold": Uses the confusion  ...
man/create_confusion_heatmap.Rd#L42   \item "svm": Uses the confusion matrix ...
man/create_confusion_heatmap.Rd#L47   \item Validating input parameters and  ...
man/create_confusion_heatmap.Rd#L48   \item Extracting the appropriate confu ...
man/create_confusion_heatmap.Rd#L49   \item Converting the matrix to a long- ...
man/create_confusion_heatmap.Rd#L50   \item Creating a heatmap with tile geo ...
man/create_confusion_heatmap.Rd#L51   \item Adding count labels to each tile ...
man/create_confusion_heatmap.Rd#L52   \item Applying a color gradient (custo ...
man/create_dir_if_not_exists.Rd#L25   \item Checks if the directory exists u ...
man/create_dir_if_not_exists.Rd#L26   \item Creates the directory if it does ...
man/create_dir_if_not_exists.Rd#L27   \item Optionally creates parent direct ...
man/create_dir_if_not_exists.Rd#L32   \item Creating output directories for  ...
man/create_dir_if_not_exists.Rd#L33   \item Setting up directory structures  ...
man/create_dir_if_not_exists.Rd#L34   \item Ensuring directories exist befor ...
man/create_evaluation_metrics_plot.Rd#L8   evaluation_results, ...
man/create_evaluation_metrics_plot.Rd#L9   plot_type = "confusion", ...
man/create_evaluation_metrics_plot.Rd#L10   title = NULL, ...
man/create_evaluation_metrics_plot.Rd#L11   color_palette = NULL, ...
man/create_evaluation_metrics_plot.Rd#L12   verbose = TRUE ...
man/create_evaluation_metrics_plot.Rd#L20   \item "confusion": Confusion matrix he ...
man/create_evaluation_metrics_plot.Rd#L21   \item "metrics": Bar plot of precision ...
man/create_evaluation_metrics_plot.Rd#L22   \item "roc": ROC curve (if probabiliti ...
man/create_evaluation_metrics_plot.Rd#L23   \item "pr": Precision-recall curve (if ...
man/create_evaluation_metrics_plot.Rd#L44   \item Validates input parameters and d ...
man/create_evaluation_metrics_plot.Rd#L45   \item Prepares data for plotting ...
man/create_evaluation_metrics_plot.Rd#L46   \item Creates the requested visualizat ...
man/create_evaluation_metrics_plot.Rd#L47   \item Applies custom styling if specif ...
man/create_evaluation_metrics_plot.Rd#L53   \item "confusion": A heatmap visualiza ...
man/create_evaluation_metrics_plot.Rd#L54   \item "metrics": A bar plot of precisi ...
man/create_evaluation_metrics_plot.Rd#L55   \item "roc": A receiver operating char ...
man/create_evaluation_metrics_plot.Rd#L56   \item "pr": A precision-recall curve ...
man/create_evaluation_plots.Rd#L8   seurat_object, ...
man/create_evaluation_plots.Rd#L9   results_dir = "./results", ...
man/create_evaluation_plots.Rd#L10   color_palette = NULL, ...
man/create_evaluation_plots.Rd#L11   verbose = TRUE ...
man/create_evaluation_plots.Rd#L39   \item Creates a directory to store res ...
man/create_evaluation_plots.Rd#L40   \item Generates a UMAP plot showing ex ...
man/create_evaluation_plots.Rd#L41   \item Saves the plot as a PNG image to ...
man/create_evaluation_plots.Rd#L42   \item Returns NULL after successful ex ...
man/create_pathway_heatmap.Rd#L8   seurat_obj, ...
man/create_pathway_heatmap.Rd#L9   pathway_results, ...
man/create_pathway_heatmap.Rd#L10   top_n = 20, ...
man/create_pathway_heatmap.Rd#L11   cells.use = NULL, ...
man/create_pathway_heatmap.Rd#L12   title = "Pathway Expression Heatmap", ...
man/create_pathway_heatmap.Rd#L13   verbose = TRUE ...
man/create_pathway_heatmap.Rd#L21   \item pathway_matrix: Matrix of pathwa ...
man/create_pathway_heatmap.Rd#L44   \item Validates input parameters and d ...
man/create_pathway_heatmap.Rd#L45   \item Selects top pathways based on si ...
man/create_pathway_heatmap.Rd#L46   \item Creates a heatmap using ggplot2 ...
man/create_pathway_heatmap.Rd#L47   \item Adds appropriate labels and them ...
man/create_pathway_heatmap.Rd#L52   \item Pathways on the y-axis ...
man/create_pathway_heatmap.Rd#L53   \item Cells on the x-axis ...
man/create_pathway_heatmap.Rd#L54   \item Expression levels shown by color ...
man/create_pathway_heatmap.Rd#L55   \item Hierarchical clustering of pathw ...
man/create_pathway_heatmap.Rd#L62   seurat_obj = seurat_obj, ...
man/create_pathway_heatmap.Rd#L63   pathway_results = pathway_results ...
man/create_pathway_heatmap.Rd#L68   seurat_obj = seurat_obj, ...
man/create_pathway_heatmap.Rd#L69   pathway_results = pathway_results, ...
man/create_pathway_heatmap.Rd#L70   top_n = 10 ...
man/create_pathway_heatmap.Rd#L75   seurat_obj = seurat_obj, ...
man/create_pathway_heatmap.Rd#L76   pathway_results = pathway_results, ...
man/create_pathway_heatmap.Rd#L77   cells.use = c("cell1", "cell2", "cell3 ...
man/create_pathway_heatmap.Rd#L82   seurat_obj = seurat_obj, ...
man/create_pathway_heatmap.Rd#L83   pathway_results = pathway_results, ...
man/create_pathway_heatmap.Rd#L84   title = "My Custom Heatmap" ...
man/create_umap_plot.Rd#L8   seurat_object, ...
man/create_umap_plot.Rd#L9   color_by = "sample", ...
man/create_umap_plot.Rd#L10   point_size = 0.8, ...
man/create_umap_plot.Rd#L11   title = "UMAP Visualization", ...
man/create_umap_plot.Rd#L12   legend_title = NULL, ...
man/create_umap_plot.Rd#L13   verbose = TRUE ...
man/create_umap_plot.Rd#L43   \item Validates input parameters to en ...
man/create_umap_plot.Rd#L44   \item Checks for the presence of UMAP  ...
man/create_umap_plot.Rd#L45   \item Creates a ggplot object with UMA ...
man/create_umap_plot.Rd#L46   \item Customizes the plot appearance b ...
man/create_umap_plot.Rd#L47   \item Returns the plot for further cus ...
man/evaluate_cell_type_predictions.Rd#L8   seurat_obj, ...
man/evaluate_cell_type_predictions.Rd#L9   predictions, ...
man/evaluate_cell_type_predictions.Rd#L10   true_labels_col = "cell_type", ...
man/evaluate_cell_type_predictions.Rd#L11   metrics = c("accuracy", "precision", " ...
man/evaluate_cell_type_predictions.Rd#L12   verbose = TRUE ...
man/evaluate_cell_type_predictions.Rd#L31   \item accuracy: Overall prediction acc ...
man/evaluate_cell_type_predictions.Rd#L32   \item precision: Precision for each ce ...
man/evaluate_cell_type_predictions.Rd#L33   \item recall: Recall for each cell typ ...
man/evaluate_cell_type_predictions.Rd#L34   \item f1: F1 score for each cell type ...
man/evaluate_cell_type_predictions.Rd#L35   \item confusion_matrix: Confusion matr ...
man/evaluate_cell_type_predictions.Rd#L46   \item Validates input parameters and d ...
man/evaluate_cell_type_predictions.Rd#L47   \item Extracts true labels from Seurat ...
man/evaluate_cell_type_predictions.Rd#L48   \item Calculates requested metrics ...
man/evaluate_cell_type_predictions.Rd#L49   \item Returns evaluation results ...
man/evaluate_predictions.Rd#L15   \item direct_table: Confusion matrix f ...
man/evaluate_predictions.Rd#L16   \item threshold_table: Confusion matri ...
man/evaluate_predictions.Rd#L17   \item svm_table: Confusion matrix for  ...
man/evaluate_predictions.Rd#L18   \item direct_accuracy: Accuracy metric ...
man/evaluate_predictions.Rd#L19   \item svm_accuracy: Accuracy metrics f ...
man/evaluate_predictions.Rd#L20   \item chi_direct: Chi-squared test res ...
man/evaluate_predictions.Rd#L21   \item chi_svm: Chi-squared test result ...
man/evaluate_predictions.Rd#L35   \item Computing confusion matrices for ...
man/evaluate_predictions.Rd#L36   \item Calculating accuracy metrics (to ...
man/evaluate_predictions.Rd#L37   \item Performing chi-squared tests to  ...
man/evaluate_predictions.Rd#L38   \item Organizing results into a struct ...
man/evaluate_predictions.Rd#L49   \item "predicted_sample_1": Direct sim ...
man/evaluate_predictions.Rd#L50   \item "predicted_sample_2": Threshold- ...
man/evaluate_predictions.Rd#L51   \item "classification_pred": SVM-based ...
man/format_number.Rd#L23   \item Validates input parameters ...
man/format_number.Rd#L24   \item Formats numbers using sprintf() ...
man/format_number.Rd#L25   \item Returns formatted character vect ...
man/format_number.Rd#L30   \item Formatting p-values ...
man/format_number.Rd#L31   \item Formatting statistics ...
man/format_number.Rd#L32   \item Formatting plot labels ...
man/format_number.Rd#L37   \item Consistent decimal places ...
man/format_number.Rd#L38   \item Proper rounding ...
man/format_number.Rd#L39   \item Clean output format ...
man/get_file_extension.Rd#L21   \item Uses tools::file_ext() to extrac ...
man/get_file_extension.Rd#L22   \item Returns the extension without th ...
man/get_file_extension.Rd#L27   \item File type validation ...
man/get_file_extension.Rd#L28   \item File processing ...
man/get_file_extension.Rd#L29   \item File organization ...
man/get_file_extension.Rd#L34   \item Consistent extension format ...
man/get_file_extension.Rd#L35   \item No leading dot in output ...
man/get_file_extension.Rd#L36   \item Proper handling of files without ...
man/is_empty.Rd#L21   \item Checks if the object is NULL ...
man/is_empty.Rd#L22   \item Checks if the object has length  ...
man/is_empty.Rd#L23   \item Checks if the object is an empty ...
man/is_empty.Rd#L24   \item Checks if all values are NA ...
man/is_empty.Rd#L29   \item Validating function inputs ...
man/is_empty.Rd#L30   \item Checking data frame contents ...
man/is_empty.Rd#L31   \item Handling edge cases ...
man/is_empty.Rd#L36   \item NULL values ...
man/is_empty.Rd#L37   \item Empty vectors ...
man/is_empty.Rd#L38   \item Empty data frames ...
man/is_empty.Rd#L39   \item NA values ...
man/load_data.Rd#L8   data_dir, ...
man/load_data.Rd#L9   experiment_id, ...
man/load_data.Rd#L10   use_shell_script = TRUE, ...
man/load_data.Rd#L11   metadata_file = NULL, ...
man/load_data.Rd#L12   counts_file = NULL, ...
man/load_data.Rd#L13   min_cells = 3, ...
man/load_data.Rd#L14   min_features = 200, ...
man/load_data.Rd#L15   verbose = TRUE ...
man/load_data.Rd#L22   \item \code{<experiment_id>_metadata.c ...
man/load_data.Rd#L23   \item \code{<experiment_id>_counts.csv ...
man/load_data.Rd#L50   \item Count matrix in the \code{counts ...
man/load_data.Rd#L51   \item Cell metadata in the \code{meta. ...
man/load_data.Rd#L52   \item Filtered genes and cells based o ...
man/load_data.Rd#L63   \item Validates input parameters and f ...
man/load_data.Rd#L64   \item Automatically detects metadata a ...
man/load_data.Rd#L65   \item Loads and validates metadata and ...
man/load_data.Rd#L66   \item Checks for data consistency (mat ...
man/load_data.Rd#L67   \item Creates a Seurat object with app ...
man/load_object.Rd#L21   \item Checks if the file exists ...
man/load_object.Rd#L22   \item Loads the object using readRDS() ...
man/load_object.Rd#L23   \item Handles errors with informative  ...
man/load_object.Rd#L28   \item Loading saved Seurat objects ...
man/load_object.Rd#L29   \item Loading analysis results ...
man/load_object.Rd#L30   \item Loading intermediate data ...
man/load_object.Rd#L35   \item The file exists before loading ...
man/load_object.Rd#L36   \item Errors are caught and reported ...
man/load_object.Rd#L37   \item The loaded object is returned ...
man/perform_dimensionality_reduction.Rd#L8   seurat_object, ...
man/perform_dimensionality_reduction.Rd#L9   n_pcs = 50, ...
man/perform_dimensionality_reduction.Rd#L10   dims = 1:40, ...
man/perform_dimensionality_reduction.Rd#L11   perform_tsne = TRUE ...
man/perform_dimensionality_reduction.Rd#L28   \item seurat_object: The Seurat object ...
man/perform_dimensionality_reduction.Rd#L29   \item pca_results: Results from PCA an ...
man/perform_pca.Rd#L21   \item seurat_object: The Seurat object ...
man/perform_pca.Rd#L22   \item variance_explained: Data frame w ...
man/perform_pca.Rd#L23   \item elbow_plot: ggplot object showin ...
man/plot_scCulture.Rd#L8   scCulture_results, ...
man/plot_scCulture.Rd#L9   plot_type = NULL, ...
man/plot_scCulture.Rd#L10   point_size = 1.5, ...
man/plot_scCulture.Rd#L11   point_alpha = NULL, ...
man/plot_scCulture.Rd#L12   return_data = FALSE ...
man/plot_scCulture.Rd#L31   or a single ggplot object when plot_ty ...
man/plot_scCulture.Rd#L44   \item **Accuracy Plot**: UMAP colored  ...
man/plot_scCulture.Rd#L45   \item Shows how well the trained model ...
man/plot_scCulture.Rd#L46   \item Helps identify regions where the ...
man/plot_scCulture.Rd#L51   \item **Both Plots (default)**: Return ...
man/plot_scCulture.Rd#L52   \item **Predictions Plot**: UMAP color ...
man/plot_scCulture.Rd#L53   \item **Confidence Plot**: UMAP colore ...
man/predict_by_similarity.Rd#L8   pathway_matrix, ...
man/predict_by_similarity.Rd#L9   signature_matrix, ...
man/predict_by_similarity.Rd#L10   threshold = 0.1, ...
man/predict_by_similarity.Rd#L11   verbose = TRUE ...
man/predict_by_similarity.Rd#L26   \item similarity_matrix: Matrix of cos ...
man/predict_by_similarity.Rd#L27   \item predicted_direct: Direct predict ...
man/predict_by_similarity.Rd#L28   \item predicted_threshold: Threshold-b ...
man/predict_by_similarity.Rd#L42   \item Normalizes the input pathway exp ...
man/predict_by_similarity.Rd#L43   \item Calculates the cosine similarity ...
man/predict_by_similarity.Rd#L44   \item Creates a similarity matrix with ...
man/predict_by_similarity.Rd#L45   \item Makes direct predictions by sele ...
man/predict_by_similarity.Rd#L46   \item Makes threshold-based prediction ...
man/predict_by_svm.Rd#L19   \item predictions: SVM predictions for ...
man/predict_by_svm.Rd#L20   \item svm_model: Trained SVM model ...
man/predict_by_svm.Rd#L21   \item confusion_matrix: Confusion matr ...
man/predict_by_svm.Rd#L22   \item accuracy: Overall accuracy on te ...
man/predict_by_svm.Rd#L36   \item Preparing data by removing NA va ...
man/predict_by_svm.Rd#L37   \item Splitting data into training (80 ...
man/predict_by_svm.Rd#L38   \item Scaling features to standardize  ...
man/predict_by_svm.Rd#L39   \item Training an SVM model with radia ...
man/predict_by_svm.Rd#L40   \item Making predictions on the full d ...
man/predict_by_svm.Rd#L41   \item Evaluating model performance on  ...
man/predict_cell_types.Rd#L8   seurat_object, ...
man/predict_cell_types.Rd#L9   pathway_activity, ...
man/predict_cell_types.Rd#L10   classifier, ...
man/predict_cell_types.Rd#L11   probability = FALSE, ...
man/predict_cell_types.Rd#L12   verbose = TRUE ...
man/predict_cell_types.Rd#L30   If probability is TRUE, returns a list ...
man/predict_cell_types.Rd#L31   \itemize{ ...
man/predict_cell_types.Rd#L34   } ...
man/predict_cell_types.Rd#L49   \item Validates that seurat_object is  ...
man/predict_cell_types.Rd#L50   \item Validates that pathway_activity  ...
man/predict_cell_types.Rd#L51   \item Checks that the number of cells  ...
man/predict_cell_types.Rd#L52   \item Verifies that the classifier has ...
man/predict_cell_types.Rd#L53   \item Ensures all required pathways ar ...
man/predict_cell_types.Rd#L58   \item Extracts the relevant pathway ac ...
man/predict_cell_types.Rd#L59   \item Transposes the data to the forma ...
man/predict_cell_types.Rd#L60   \item Makes predictions using the clas ...
man/predict_cell_types.Rd#L61   \item If probability=TRUE, returns bot ...
man/predict_cell_types.Rd#L62   \item If probability=FALSE, returns on ...
man/preprocess_data.Rd#L8   seurat_obj, ...
man/preprocess_data.Rd#L9   n_features = 2000, ...
man/preprocess_data.Rd#L10   scale_factor = 10000, ...
man/preprocess_data.Rd#L11   verbose = TRUE ...
man/preprocess_data.Rd#L28   \item Normalized data in the \code{dat ...
man/preprocess_data.Rd#L29   \item Scaled data in the \code{scale.d ...
man/preprocess_data.Rd#L30   \item Variable features identified and ...
man/preprocess_data.Rd#L41   \item Normalizes the data using LogNor ...
man/preprocess_data.Rd#L42   \item Identifies variable features usi ...
man/preprocess_data.Rd#L43   \item Scales the data for all genes ...
man/preprocess_data.Rd#L48   \item Normalizes the gene expression v ...
man/preprocess_data.Rd#L49   \item Uses a scale factor of 10,000 by ...
man/preprocess_data.Rd#L50   \item Applies a log transformation ...
man/preprocess_data.Rd#L55   \item Uses the vst method to identify  ...
man/preprocess_data.Rd#L56   \item Selects the top 2000 genes by de ...
man/preprocess_data.Rd#L57   \item These genes are used for downstr ...
man/preprocess_data.Rd#L62   \item Centers and scales the data ...
man/preprocess_data.Rd#L63   \item Makes genes comparable across ce ...
man/preprocess_data.Rd#L64   \item Prepares data for dimensionality ...
man/run_build_mode.Rd#L11   \describe{ ...
man/run_build_mode.Rd#L18   } ...
man/run_umap.Rd#L8   seurat_obj, ...
man/run_umap.Rd#L9   n_neighbors = 30, ...
man/run_umap.Rd#L10   min_dist = 0.3, ...
man/run_umap.Rd#L11   n_components = 2, ...
man/run_umap.Rd#L12   verbose = TRUE ...
man/run_umap.Rd#L35   The UMAP coordinates can be accessed u ...
man/run_umap.Rd#L36   \itemize{ ...
man/run_umap.Rd#L39   } ...
man/run_umap.Rd#L49   \item Checks if PCA has been run, runs ...
man/run_umap.Rd#L50   \item Performs UMAP using the first 30 ...
man/run_umap.Rd#L51   \item Stores the results in the Seurat ...
man/run_umap.Rd#L56   \item Constructs a high dimensional gr ...
man/run_umap.Rd#L57   \item Optimizes a low dimensional layo ...
man/run_umap.Rd#L58   \item Can capture both local and globa ...
man/save_object.Rd#L25   \item Creates the directory if it does ...
man/save_object.Rd#L26   \item Saves the object using saveRDS() ...
man/save_object.Rd#L27   \item Handles errors with informative  ...
man/save_object.Rd#L32   \item Saving Seurat objects ...
man/save_object.Rd#L33   \item Saving analysis results ...
man/save_object.Rd#L34   \item Saving intermediate data ...
man/save_object.Rd#L39   \item The directory exists before savi ...
man/save_object.Rd#L40   \item Errors are caught and reported ...
man/save_object.Rd#L41   \item Files are compressed by default ...
man/save_visualization_plots.Rd#L8   seurat_object, ...
man/save_visualization_plots.Rd#L9   evaluation_results, ...
man/save_visualization_plots.Rd#L10   output_dir, ...
man/save_visualization_plots.Rd#L11   prefix = "plot", ...
man/save_visualization_plots.Rd#L12   color_palette = NULL, ...
man/save_visualization_plots.Rd#L13   verbose = TRUE ...
man/save_visualization_plots.Rd#L43   \item UMAP plot: Visualization of cell ...
man/save_visualization_plots.Rd#L44   \item Direct accuracy plot: Bar plot o ...
man/save_visualization_plots.Rd#L45   \item SVM accuracy plot: Bar plot of S ...
man/save_visualization_plots.Rd#L46   \item Direct confusion matrix: Heatmap ...
man/save_visualization_plots.Rd#L47   \item SVM confusion matrix: Heatmap of ...
man/save_visualization_plots.Rd#L52   \item Validating all input parameters ...
man/save_visualization_plots.Rd#L53   \item Creating the output directory if ...
man/save_visualization_plots.Rd#L54   \item Generating each visualization pl ...
man/save_visualization_plots.Rd#L55   \item Saving each plot as a PNG file w ...
man/save_visualization_plots.Rd#L56   \item Providing progress messages if v ...
man/scCulture.Rd#L8   data_dir, ...
man/scCulture.Rd#L9   kegg_file = NULL, ...
man/scCulture.Rd#L10   output_dir, ...
man/scCulture.Rd#L11   mode = "build", ...
man/scCulture.Rd#L12   fingerprint_file = NULL, ...
man/scCulture.Rd#L13   experiment_id = "experiment", ...
man/scCulture.Rd#L14   use_shell_script = TRUE, ...
man/scCulture.Rd#L15   perform_tsne = TRUE, ...
man/scCulture.Rd#L16   progress = FALSE, ...
man/scCulture.Rd#L17   parallel = FALSE, ...
man/scCulture.Rd#L18   n_cores = NULL, ...
man/scCulture.Rd#L19   verbose = TRUE ...
man/scCulture.Rd#L57   \item seurat_object: The processed Seu ...
man/scCulture.Rd#L58   \item pathway_results: Results from KE ...
man/scCulture.Rd#L59   \item prediction_results: Results from ...
man/scCulture.Rd#L60   \item evaluation_results: Results from ...
man/scCulture.Rd#L61   \item fingerprint_file: Path to saved  ...
man/scCulture.Rd#L75   \item Validates input parameters and f ...
man/scCulture.Rd#L76   \item Creates output directory if it d ...
man/scCulture.Rd#L77   \item Loads and preprocesses labeled s ...
man/scCulture.Rd#L78   \item Performs dimensionality reductio ...
man/scCulture.Rd#L79   \item Parses KEGG pathways and builds  ...
man/scCulture.Rd#L80   \item Trains similarity-based and SVM  ...
man/scCulture.Rd#L81   \item Evaluates model performance with ...
man/scCulture.Rd#L82   \item Saves fingerprints and models fo ...
man/scCulture.Rd#L83   \item Creates publication-ready visual ...
man/scCulture.Rd#L89   \item Validates input parameters and l ...
man/scCulture.Rd#L90   \item Loads and preprocesses unlabeled ...
man/scCulture.Rd#L91   \item Performs dimensionality reductio ...
man/scCulture.Rd#L92   \item Applies pre-built fingerprints t ...
man/scCulture.Rd#L93   \item Makes predictions using trained  ...
man/scCulture.Rd#L94   \item Calculates prediction confidence ...
man/scCulture.Rd#L95   \item Creates prediction visualization ...
man/scCulture.Rd#L100   \item Data loading and preprocessing u ...
man/scCulture.Rd#L101   \item Dimensionality reduction using P ...
man/scCulture.Rd#L102   \item KEGG pathway analysis for biolog ...
man/scCulture.Rd#L103   \item Dual prediction approaches: simi ...
man/scCulture.Rd#L104   \item Comprehensive evaluation with st ...
man/scCulture.Rd#L105   \item Professional visualization suite ...
man/scCulture.Rd#L110   \item \code{progress = TRUE}: Shows de ...
man/scCulture.Rd#L111   \item \code{verbose = TRUE}: Displays  ...
man/scCulture.Rd#L112   \item \code{parallel = TRUE}: Enables  ...
man/scCulture.Rd#L117   \item \code{seurat_object.rds}: Comple ...
man/scCulture.Rd#L118   \item \code{pathway_results.rds}: KEGG ...
man/scCulture.Rd#L119   \item \code{prediction_results.rds}: S ...
man/scCulture.Rd#L120   \item \code{evaluation_results.rds}: P ...
man/scCulture.Rd#L121   \item \code{umap_plots.pdf}: UMAP visu ...
man/scCulture.Rd#L122   \item \code{evaluation_plots.pdf}: Pre ...
man/scCulturePredict-package.Rd#L21   \item Generate transferable fingerprin ...
man/scCulturePredict-package.Rd#L22   \item Train similarity-based and SVM p ...
man/scCulturePredict-package.Rd#L23   \item Evaluate model performance with  ...
man/scCulturePredict-package.Rd#L24   \item Save fingerprints and models for ...
man/scCulturePredict-package.Rd#L29   \item Apply pre-built fingerprints to  ...
man/scCulturePredict-package.Rd#L30   \item Make culture media predictions u ...
man/scCulturePredict-package.Rd#L31   \item Calculate prediction confidence  ...
man/scCulturePredict-package.Rd#L32   \item Generate prediction-specific vis ...
man/scCulturePredict-package.Rd#L37   \item Data loading with support for CS ...
man/scCulturePredict-package.Rd#L38   \item Preprocessing including normaliz ...
man/scCulturePredict-package.Rd#L39   \item KEGG pathway analysis and transc ...
man/scCulturePredict-package.Rd#L40   \item Dual prediction approaches: simi ...
man/scCulturePredict-package.Rd#L41   \item Comprehensive evaluation and vis ...
man/scCulturePredict-package.Rd#L53   \item Loads and preprocesses labeled t ...
man/scCulturePredict-package.Rd#L54   \item Performs dimensionality reductio ...
man/scCulturePredict-package.Rd#L55   \item Conducts KEGG pathway analysis a ...
man/scCulturePredict-package.Rd#L56   \item Trains similarity-based and SVM  ...
man/scCulturePredict-package.Rd#L57   \item Evaluates model performance with ...
man/scCulturePredict-package.Rd#L58   \item Saves transferable fingerprints  ...
man/scCulturePredict-package.Rd#L59   \item Creates training evaluation visu ...
man/scCulturePredict-package.Rd#L64   \item Loads pre-built fingerprints and ...
man/scCulturePredict-package.Rd#L65   \item Loads and preprocesses unlabeled ...
man/scCulturePredict-package.Rd#L66   \item Applies fingerprints to generate ...
man/scCulturePredict-package.Rd#L67   \item Makes predictions using trained  ...
man/scCulturePredict-package.Rd#L68   \item Calculates prediction confidence ...
man/scCulturePredict-package.Rd#L69   \item Creates prediction-specific visu ...
man/scCulturePredict-package.Rd#L70   \item Saves prediction results and con ...
man/scCulturePredict-package.Rd#L78   \item Supports both shell script and R ...
man/scCulturePredict-package.Rd#L79   \item Automatic handling of malformed  ...
man/scCulturePredict-package.Rd#L80   \item Seamless integration with Seurat ...
man/train_cell_type_classifier.Rd#L8   seurat_object, ...
man/train_cell_type_classifier.Rd#L9   pathway_activity, ...
man/train_cell_type_classifier.Rd#L10   cell_type_col = "cell_type", ...
man/train_cell_type_classifier.Rd#L11   method = "rf", ...
man/train_cell_type_classifier.Rd#L12   n_features = 100, ...
man/train_cell_type_classifier.Rd#L13   cv_folds = 5, ...
man/train_cell_type_classifier.Rd#L14   verbose = TRUE ...
man/train_cell_type_classifier.Rd#L40   \item model: The trained classificatio ...
man/train_cell_type_classifier.Rd#L41   \item feature_importance: Data frame o ...
man/train_cell_type_classifier.Rd#L42   \item cv_performance: Cross-validation ...
man/train_cell_type_classifier.Rd#L43   \item training_params: List of trainin ...
man/train_cell_type_classifier.Rd#L59   \item "rf": Random Forest - An ensembl ...
man/train_cell_type_classifier.Rd#L60   \item "svm": Support Vector Machine -  ...
man/train_cell_type_classifier.Rd#L61   \item "xgb": XGBoost - A gradient boos ...
man/train_cell_type_classifier.Rd#L66   \item Extensive input validation to en ...
man/train_cell_type_classifier.Rd#L67   \item Extraction of cell type labels f ...
man/train_cell_type_classifier.Rd#L68   \item Feature importance calculation t ...
man/train_cell_type_classifier.Rd#L69   \item Selection of top n_features path ...
man/train_cell_type_classifier.Rd#L70   \item k-fold cross-validation to asses ...
man/train_cell_type_classifier.Rd#L71   \item Training of the final model on t ...
man/train_cell_type_classifier.Rd#L72   \item Compilation of results including ...
man/validate_file.Rd#L24   \item Validates file existence using f ...
man/validate_file.Rd#L25   \item Optionally checks file extension ...
man/validate_file.Rd#L26   \item Verifies file readability using  ...
man/validate_file.Rd#L31   \item Input validation ...
man/validate_file.Rd#L32   \item File processing ...
man/validate_file.Rd#L33   \item Error handling ...
man/validate_file.Rd#L38   \item File exists ...
man/validate_file.Rd#L39   \item File has correct extension (if s ...
man/validate_file.Rd#L40   \item File is readable ...
man/validate_file.Rd#L41   \item Informative warning messages ...
vignettes/scCulturePredict-introduction.Rmd#L342   evaluation_results = evaluation_result ...
vignettes/scCulturePredict-introduction.Rmd#L343   method = "svm", ...
vignettes/scCulturePredict-introduction.Rmd#L344   title = "SVM Prediction Accuracy" ...
vignettes/scCulturePredict-introduction.Rmd#L352   evaluation_results = evaluation_result ...
vignettes/scCulturePredict-introduction.Rmd#L353   method = "direct", ...
vignettes/scCulturePredict-introduction.Rmd#L354   title = "Direct Prediction Confusion M ...
* Checking if package already exists in CRAN... OK
* Checking for bioc-devel mailing list subscription...
* NOTE: Cannot determine whether maintainer is subscribed to the Bioc-Devel mailing list (requires admin credentials). Subscribe here: https://stat.ethz.ch/mailman/listinfo/bioc-devel
* Checking for support site registration... OK
